Clock: clk
Sources: 
Generated: no
Virtual: yes
Propagated: no
Period: 5.000000

===========================================================================
report_clock_properties
============================================================================
Clock                   Period          Waveform
----------------------------------------------------
clk                   5.000000    0.000000  2.500000

===========================================================================
report_clock_latency
============================================================================
Clock clk
rise -> rise
    min     max
0.000000 0.000000 source latency
1.564916         network latency _163_/CLK
        2.367288 network latency _174_/GATE
---------------
1.564916 2.367288 latency
        0.802372 skew

rise -> fall
    min     max
0.000000 0.000000 source latency
1.525326         network latency _169_/CLK
        2.272316 network latency _160_/CLK
---------------
1.525326 2.272316 latency
        0.746991 skew



===========================================================================
report_clock_min_period
============================================================================
clk period_min = 0.00 fmax = inf
