Reading OpenROAD database at '/home/nakanomiku/DigitalDesign/clk_int_div/runs/RUN_2024-10-31_18-04-53/24-openroad-ioplacement/clk_int_div.odb'…
Reading library file at '/home/nakanomiku/.volare/volare/sky130/versions/0fe599b2afb6708d281543108caf8310912f54af/sky130A/libs.ref/sky130_fd_sc_hd/lib/sky130_fd_sc_hd__tt_025C_1v80.lib'…
Reading design constraints file at '/nix/store/mr1ix0gwjfwmikfqyrq536nwhj83f0zp-python3-3.11.9-env/lib/python3.11/site-packages/openlane/scripts/base.sdc'…
[WARNING STA-0366] port 'clk' not found.
[INFO] Using clock clk…
[INFO] Setting output delay to: 1
[INFO] Setting input delay to: 1
[WARNING STA-0366] port 'clk' not found.
[INFO] Setting load to: 0.033442
[INFO] Setting clock uncertainty to: 0.25
[INFO] Setting clock transition to: 0.1499999999999999944488848768742172978818416595458984375
[WARNING STA-0419] transition time can not be specified for virtual clocks.
[INFO] Setting timing derate to: 5%
[WARNING STA-0450] virtual clock clk can not be propagated.
[INFO] Setting RC values…
[INFO] Setting signal min routing layer to: met1 and clock min routing layer to met1. 
[INFO] Setting signal max routing layer to: met5 and clock max routing layer to met5. 
[INFO GPL-0002] DBU: 1000
[INFO GPL-0003] SiteSize: (  0.460  2.720 ) um
[INFO GPL-0004] CoreBBox: (  5.520 10.880 ) ( 55.200 59.840 ) um
[INFO GPL-0006] NumInstances:               164
[INFO GPL-0007] NumPlaceInstances:           98
[INFO GPL-0008] NumFixedInstances:           66
[INFO GPL-0009] NumDummyInstances:            0
[INFO GPL-0010] NumNets:                    107
[INFO GPL-0011] NumPins:                    381
[INFO GPL-0012] DieBBox:  (  0.000  0.000 ) ( 60.760 71.480 ) um
[INFO GPL-0013] CoreBBox: (  5.520 10.880 ) ( 55.200 59.840 ) um
[INFO GPL-0016] CoreArea:              2432.333 um^2
[INFO GPL-0017] NonPlaceInstsArea:      172.666 um^2
[INFO GPL-0018] PlaceInstsArea:        1236.186 um^2
[INFO GPL-0019] Util:                    54.707 %
[INFO GPL-0020] StdInstsArea:          1236.186 um^2
[INFO GPL-0021] MacroInstsArea:           0.000 um^2
[InitialPlace]  Iter: 1 CG residual: 0.00000010 HPWL: 2239682
[InitialPlace]  Iter: 2 CG residual: 0.00000008 HPWL: 1518896
[InitialPlace]  Iter: 3 CG residual: 0.00000011 HPWL: 1507015
[InitialPlace]  Iter: 4 CG residual: 0.00000007 HPWL: 1508600
[InitialPlace]  Iter: 5 CG residual: 0.00000010 HPWL: 1498242
[INFO GPL-0031] FillerInit:NumGCells:       112
[INFO GPL-0032] FillerInit:NumGNets:        107
[INFO GPL-0033] FillerInit:NumGPins:        381
[INFO GPL-0023] TargetDensity:            0.624
[INFO GPL-0024] AvrgPlaceInstArea:       12.614 um^2
[INFO GPL-0025] IdealBinArea:            20.226 um^2
[INFO GPL-0026] IdealBinCnt:                120
[INFO GPL-0027] TotalBinArea:          2432.333 um^2
[INFO GPL-0028] BinCnt:         8      8
[INFO GPL-0029] BinSize: (  6.210  6.120 )
[INFO GPL-0030] NumBins: 64
[NesterovSolve] Iter:    1 overflow: 0.849 HPWL: 784988
[INFO GPL-0100] Timing-driven: executing resizer for reweighting nets.
[INFO GPL-0101] Timing-driven: worst slack 1.37e-09
[INFO GPL-0103] Timing-driven: weighted 10 nets.
[NesterovSolve] Iter:   10 overflow: 0.695 HPWL: 917602
[NesterovSolve] Iter:   20 overflow: 0.692 HPWL: 920693
[NesterovSolve] Iter:   30 overflow: 0.685 HPWL: 923188
[NesterovSolve] Iter:   40 overflow: 0.687 HPWL: 922099
[NesterovSolve] Iter:   50 overflow: 0.686 HPWL: 920101
[NesterovSolve] Iter:   60 overflow: 0.688 HPWL: 917409
[NesterovSolve] Iter:   70 overflow: 0.686 HPWL: 918836
[NesterovSolve] Iter:   80 overflow: 0.684 HPWL: 919856
[NesterovSolve] Iter:   90 overflow: 0.684 HPWL: 920154
[NesterovSolve] Iter:  100 overflow: 0.684 HPWL: 920344
[NesterovSolve] Iter:  110 overflow: 0.684 HPWL: 921250
[NesterovSolve] Iter:  120 overflow: 0.682 HPWL: 923652
[NesterovSolve] Iter:  130 overflow: 0.680 HPWL: 926601
[NesterovSolve] Iter:  140 overflow: 0.677 HPWL: 929543
[NesterovSolve] Iter:  150 overflow: 0.674 HPWL: 932750
[NesterovSolve] Iter:  160 overflow: 0.671 HPWL: 937184
[NesterovSolve] Iter:  170 overflow: 0.666 HPWL: 949576
[NesterovSolve] Iter:  180 overflow: 0.662 HPWL: 968767
[NesterovSolve] Iter:  190 overflow: 0.648 HPWL: 986561
[INFO GPL-0100] Timing-driven: executing resizer for reweighting nets.
[INFO GPL-0101] Timing-driven: worst slack 1.38e-09
[INFO GPL-0103] Timing-driven: weighted 10 nets.
[NesterovSolve] Iter:  200 overflow: 0.617 HPWL: 1012192
[NesterovSolve] Snapshot saved at iter = 204
[NesterovSolve] Iter:  210 overflow: 0.581 HPWL: 1034357
[NesterovSolve] Iter:  220 overflow: 0.543 HPWL: 1065875
[NesterovSolve] Iter:  230 overflow: 0.509 HPWL: 1096703
[INFO GPL-0100] Timing-driven: executing resizer for reweighting nets.
[INFO GPL-0101] Timing-driven: worst slack 1.38e-09
[INFO GPL-0103] Timing-driven: weighted 10 nets.
[NesterovSolve] Iter:  240 overflow: 0.470 HPWL: 1129309
[NesterovSolve] Iter:  250 overflow: 0.432 HPWL: 1161957
[NesterovSolve] Iter:  260 overflow: 0.383 HPWL: 1184649
[NesterovSolve] Iter:  270 overflow: 0.333 HPWL: 1203976
[INFO GPL-0075] Routability numCall: 1 inflationIterCnt: 1 bloatIterCnt: 0
[INFO GPL-0036] TileBBox: (    0    0 ) ( 6900 6900 ) DBU
[INFO GPL-0038] TileCnt:       8   10
[INFO GPL-0040] NumTiles: 80
[INFO GPL-0081] TotalRouteOverflow: 0
[INFO GPL-0082] OverflowTileCnt: 0
[INFO GPL-0083] 0.5%RC: 0.804190456867218
[INFO GPL-0084] 1.0%RC: 0.804190456867218
[INFO GPL-0085] 2.0%RC: 0.7547643780708313
[INFO GPL-0086] 5.0%RC: 0.7049799412488937
[INFO GPL-0087] FinalRC: 0.80419046
[INFO GPL-0077] FinalRC lower than targetRC(1.01), routability not needed.
[NesterovSolve] Iter:  280 overflow: 0.296 HPWL: 1223023
[INFO GPL-0100] Timing-driven: executing resizer for reweighting nets.
[INFO GPL-0101] Timing-driven: worst slack 1.38e-09
[INFO GPL-0103] Timing-driven: weighted 10 nets.
[NesterovSolve] Iter:  290 overflow: 0.264 HPWL: 1247131
[NesterovSolve] Iter:  300 overflow: 0.223 HPWL: 1274604
[INFO GPL-0100] Timing-driven: executing resizer for reweighting nets.
[INFO GPL-0101] Timing-driven: worst slack 1.38e-09
[INFO GPL-0103] Timing-driven: weighted 10 nets.
[NesterovSolve] Iter:  310 overflow: 0.187 HPWL: 1299470
[NesterovSolve] Iter:  320 overflow: 0.156 HPWL: 1326006
[INFO GPL-0100] Timing-driven: executing resizer for reweighting nets.
[INFO GPL-0101] Timing-driven: worst slack 1.38e-09
[INFO GPL-0103] Timing-driven: weighted 10 nets.
[NesterovSolve] Iter:  330 overflow: 0.131 HPWL: 1349270
[NesterovSolve] Iter:  340 overflow: 0.109 HPWL: 1364095
[NesterovSolve] Finished with Overflow: 0.097512
[INFO] Setting RC values…
Setting global connections for newly added cells…
[INFO] Setting global connections...
Updating metrics…
Cell type report:                       Count       Area
  Fill cell                                36     135.13
  Tap cell                                 30      37.54
  Inverter                                  7      26.28
  Sequential cell                          17     435.42
  Multi-Input combinational cell           74     774.49
  Total                                   164    1408.85
Writing OpenROAD database to '/home/nakanomiku/DigitalDesign/clk_int_div/runs/RUN_2024-10-31_18-04-53/27-openroad-globalplacement/clk_int_div.odb'…
Writing netlist to '/home/nakanomiku/DigitalDesign/clk_int_div/runs/RUN_2024-10-31_18-04-53/27-openroad-globalplacement/clk_int_div.nl.v'…
Writing powered netlist to '/home/nakanomiku/DigitalDesign/clk_int_div/runs/RUN_2024-10-31_18-04-53/27-openroad-globalplacement/clk_int_div.pnl.v'…
Writing layout to '/home/nakanomiku/DigitalDesign/clk_int_div/runs/RUN_2024-10-31_18-04-53/27-openroad-globalplacement/clk_int_div.def'…
Writing timing constraints to '/home/nakanomiku/DigitalDesign/clk_int_div/runs/RUN_2024-10-31_18-04-53/27-openroad-globalplacement/clk_int_div.sdc'…
