Clock: clk
Sources: 
Generated: no
Virtual: yes
Propagated: no
Period: 5.000000

===========================================================================
report_clock_properties
============================================================================
Clock                   Period          Waveform
----------------------------------------------------
clk                   5.000000    0.000000  2.500000

===========================================================================
report_clock_latency
============================================================================
Clock clk
rise -> rise
    min     max
0.000000 0.000000 source latency
1.334138         network latency _161_/CLK
        1.668381 network latency _174_/GATE
---------------
1.334138 1.668381 latency
        0.334243 skew

rise -> fall
    min     max
0.000000 0.000000 source latency
1.277317         network latency _169_/CLK
        1.618071 network latency _160_/CLK
---------------
1.277317 1.618071 latency
        0.340754 skew



===========================================================================
report_clock_min_period
============================================================================
clk period_min = 0.00 fmax = inf
