Reading timing models for corner nom_tt_025C_1v80…
Reading cell library for the 'nom_tt_025C_1v80' corner at '/home/nakanomiku/.volare/volare/sky130/versions/0fe599b2afb6708d281543108caf8310912f54af/sky130A/libs.ref/sky130_fd_sc_hd/lib/sky130_fd_sc_hd__tt_025C_1v80.lib'…
Reading top-level netlist at '/home/nakanomiku/DigitalDesign/clk_int_div/runs/RUN_2024-10-31_18-04-53/51-openroad-fillinsertion/clk_int_div.nl.v'…
Linking design 'clk_int_div' from netlist…
Warning: /home/nakanomiku/DigitalDesign/clk_int_div/runs/RUN_2024-10-31_18-04-53/51-openroad-fillinsertion/clk_int_div.nl.v line 534, module sky130_fd_sc_hd__tapvpwrvgnd_1 not found. Creating black box for TAP_TAPCELL_ROW_0_36.
Warning: /home/nakanomiku/DigitalDesign/clk_int_div/runs/RUN_2024-10-31_18-04-53/51-openroad-fillinsertion/clk_int_div.nl.v line 602, module sky130_ef_sc_hd__decap_12 not found. Creating black box for FILLER_0_3.
Warning: /home/nakanomiku/DigitalDesign/clk_int_div/runs/RUN_2024-10-31_18-04-53/51-openroad-fillinsertion/clk_int_div.nl.v line 604, module sky130_fd_sc_hd__fill_1 not found. Creating black box for FILLER_0_27.
Warning: /home/nakanomiku/DigitalDesign/clk_int_div/runs/RUN_2024-10-31_18-04-53/51-openroad-fillinsertion/clk_int_div.nl.v line 620, module sky130_fd_sc_hd__fill_2 not found. Creating black box for FILLER_2_68.
Reading design constraints file at '/nix/store/mr1ix0gwjfwmikfqyrq536nwhj83f0zp-python3-3.11.9-env/lib/python3.11/site-packages/openlane/scripts/base.sdc'…
Warning: base.sdc line 15, port 'clk' not found.
[INFO] Using clock clk…
[INFO] Setting output delay to: 1
[INFO] Setting input delay to: 1
Warning: base.sdc line 32, port 'clk' not found.
[INFO] Setting load to: 0.033442
[INFO] Setting clock uncertainty to: 0.25
[INFO] Setting clock transition to: 0.1499999999999999944488848768742172978818416595458984375
Warning: base.sdc line 69, transition time can not be specified for virtual clocks.
[INFO] Setting timing derate to: 5%
Warning: base.sdc line 79, virtual clock clk can not be propagated.
Reading top-level design parasitics for the 'nom_tt_025C_1v80' corner at '/home/nakanomiku/DigitalDesign/clk_int_div/runs/RUN_2024-10-31_18-04-53/53-openroad-rcx/nom/clk_int_div.nom.spef'…
%OL_CREATE_REPORT min.rpt

===========================================================================
report_checks -path_delay min (Hold)
============================================================================
======================= nom_tt_025C_1v80 Corner ===================================

Startpoint: div_valid_i (input port clocked by clk)
Endpoint: div_ready_o (output port clocked by clk)
Path Group: clk
Path Type: min

Fanout         Cap        Slew       Delay        Time   Description
---------------------------------------------------------------------------------------------
                      0.000000    0.000000    0.000000   clock clk (rise edge)
                                  0.000000    0.000000   clock network delay (ideal)
                                  1.000000    1.000000 v input external delay
     1    0.003017    0.009124    0.004803    1.004804 v div_valid_i (in)
                                                         div_valid_i (net)
                      0.009125    0.000000    1.004804 v input6/A (sky130_fd_sc_hd__buf_1)
     4    0.010412    0.066725    0.106832    1.111635 v input6/X (sky130_fd_sc_hd__buf_1)
                                                         net6 (net)
                      0.066725    0.000115    1.111750 v _101_/C_N (sky130_fd_sc_hd__or3b_1)
     1    0.009584    0.095313    0.207200    1.318950 ^ _101_/X (sky130_fd_sc_hd__or3b_1)
                                                         _058_ (net)
                      0.095313    0.000289    1.319238 ^ _115_/A2 (sky130_fd_sc_hd__o21bai_4)
     1    0.005616    0.032120    0.060329    1.379567 v _115_/Y (sky130_fd_sc_hd__o21bai_4)
                                                         net15 (net)
                      0.032120    0.000189    1.379756 v output15/A (sky130_fd_sc_hd__buf_6)
     1    0.034552    0.043895    0.131127    1.510883 v output15/X (sky130_fd_sc_hd__buf_6)
                                                         div_ready_o (net)
                      0.043909    0.000747    1.511630 v div_ready_o (out)
                                              1.511630   data arrival time

                      0.000000    0.000000    0.000000   clock clk (rise edge)
                                  0.000000    0.000000   clock network delay (ideal)
                                  0.250000    0.250000   clock uncertainty
                                  0.000000    0.250000   clock reconvergence pessimism
                                 -1.000000   -0.750000   output external delay
                                             -0.750000   data required time
---------------------------------------------------------------------------------------------
                                             -0.750000   data required time
                                             -1.511630   data arrival time
---------------------------------------------------------------------------------------------
                                              2.261630   slack (MET)


Startpoint: test_mode_en_i (input port clocked by clk)
Endpoint: clk_o (output port clocked by clk)
Path Group: clk
Path Type: min

Fanout         Cap        Slew       Delay        Time   Description
---------------------------------------------------------------------------------------------
                      0.000000    0.000000    0.000000   clock clk (rise edge)
                                  0.000000    0.000000   clock network delay (ideal)
                                  1.000000    1.000000 v input external delay
     1    0.002853    0.008747    0.004528    1.004528 v test_mode_en_i (in)
                                                         test_mode_en_i (net)
                      0.008747    0.000000    1.004528 v input9/A (sky130_fd_sc_hd__clkbuf_1)
     2    0.004622    0.035896    0.080938    1.085465 v input9/X (sky130_fd_sc_hd__clkbuf_1)
                                                         net9 (net)
                      0.035896    0.000115    1.085580 v _117_/B (sky130_fd_sc_hd__nor2_1)
     1    0.004201    0.098046    0.095681    1.181261 ^ _117_/Y (sky130_fd_sc_hd__nor2_1)
                                                         _070_ (net)
                      0.098046    0.000091    1.181352 ^ _120_/S (sky130_fd_sc_hd__mux2_1)
     3    0.010067    0.098788    0.185505    1.366857 ^ _120_/X (sky130_fd_sc_hd__mux2_1)
                                                         _002_ (net)
                      0.098788    0.000159    1.367016 ^ _122_/B (sky130_fd_sc_hd__and2_1)
     1    0.001884    0.038654    0.122968    1.489984 ^ _122_/X (sky130_fd_sc_hd__and2_1)
                                                         net10 (net)
                      0.038654    0.000036    1.490020 ^ output10/A (sky130_fd_sc_hd__buf_2)
     1    0.034676    0.172092    0.196798    1.686818 ^ output10/X (sky130_fd_sc_hd__buf_2)
                                                         clk_o (net)
                      0.172145    0.000794    1.687612 ^ clk_o (out)
                                              1.687612   data arrival time

                      0.000000    0.000000    0.000000   clock clk (rise edge)
                                  0.000000    0.000000   clock network delay (ideal)
                                  0.250000    0.250000   clock uncertainty
                                  0.000000    0.250000   clock reconvergence pessimism
                                 -1.000000   -0.750000   output external delay
                                             -0.750000   data required time
---------------------------------------------------------------------------------------------
                                             -0.750000   data required time
                                             -1.687612   data arrival time
---------------------------------------------------------------------------------------------
                                              2.437612   slack (MET)



%OL_END_REPORT
%OL_CREATE_REPORT max.rpt

===========================================================================
report_checks -path_delay max (Setup)
============================================================================
======================= nom_tt_025C_1v80 Corner ===================================

Startpoint: div_i[3] (input port clocked by clk)
Endpoint: div_ready_o (output port clocked by clk)
Path Group: clk
Path Type: max

Fanout         Cap        Slew       Delay        Time   Description
---------------------------------------------------------------------------------------------
                      0.000000    0.000000    0.000000   clock clk (rise edge)
                                  0.000000    0.000000   clock network delay (ideal)
                                  1.000000    1.000000 ^ input external delay
     1    0.002920    0.020246    0.010740    1.010740 ^ div_i[3] (in)
                                                         div_i[3] (net)
                      0.020246    0.000000    1.010740 ^ input5/A (sky130_fd_sc_hd__buf_1)
     3    0.011358    0.140059    0.139730    1.150470 ^ input5/X (sky130_fd_sc_hd__buf_1)
                                                         net5 (net)
                      0.140059    0.000227    1.150697 ^ _097_/B (sky130_fd_sc_hd__nor3_1)
     2    0.004934    0.054528    0.079452    1.230149 v _097_/Y (sky130_fd_sc_hd__nor3_1)
                                                         _054_ (net)
                      0.054528    0.000110    1.230259 v _098_/B (sky130_fd_sc_hd__or2_1)
     3    0.009476    0.077267    0.244439    1.474699 v _098_/X (sky130_fd_sc_hd__or2_1)
                                                         _055_ (net)
                      0.077267    0.000149    1.474848 v _099_/B (sky130_fd_sc_hd__xor2_1)
     1    0.002414    0.052889    0.145829    1.620677 v _099_/X (sky130_fd_sc_hd__xor2_1)
                                                         _056_ (net)
                      0.052889    0.000048    1.620726 v _100_/D (sky130_fd_sc_hd__or4_4)
     3    0.019487    0.112106    0.461649    2.082375 v _100_/X (sky130_fd_sc_hd__or4_4)
                                                         _057_ (net)
                      0.112106    0.000877    2.083252 v _115_/A1 (sky130_fd_sc_hd__o21bai_4)
     1    0.006095    0.101710    0.159067    2.242318 ^ _115_/Y (sky130_fd_sc_hd__o21bai_4)
                                                         net15 (net)
                      0.101710    0.000206    2.242524 ^ output15/A (sky130_fd_sc_hd__buf_6)
     1    0.034552    0.077547    0.144590    2.387114 ^ output15/X (sky130_fd_sc_hd__buf_6)
                                                         div_ready_o (net)
                      0.077553    0.000747    2.387862 ^ div_ready_o (out)
                                              2.387862   data arrival time

                      0.000000    5.000000    5.000000   clock clk (rise edge)
                                  0.000000    5.000000   clock network delay (ideal)
                                 -0.250000    4.750000   clock uncertainty
                                  0.000000    4.750000   clock reconvergence pessimism
                                 -1.000000    3.750000   output external delay
                                              3.750000   data required time
---------------------------------------------------------------------------------------------
                                              3.750000   data required time
                                             -2.387862   data arrival time
---------------------------------------------------------------------------------------------
                                              1.362138   slack (MET)


Startpoint: clk_i (input port clocked by clk)
Endpoint: clk_o (output port clocked by clk)
Path Group: clk
Path Type: max

Fanout         Cap        Slew       Delay        Time   Description
---------------------------------------------------------------------------------------------
                      0.000000    0.000000    0.000000   clock clk (rise edge)
                                  0.000000    0.000000   clock network delay (ideal)
                                  1.000000    1.000000 v input external delay
     1    0.002666    0.008314    0.004211    1.004211 v clk_i (in)
                                                         clk_i (net)
                      0.008314    0.000000    1.004211 v input1/A (sky130_fd_sc_hd__clkbuf_1)
     2    0.006801    0.047612    0.090737    1.094947 v input1/X (sky130_fd_sc_hd__clkbuf_1)
                                                         net1 (net)
                      0.047612    0.000113    1.095060 v fanout18/A (sky130_fd_sc_hd__buf_2)
    10    0.035093    0.091704    0.181910    1.276970 v fanout18/X (sky130_fd_sc_hd__buf_2)
                                                         net18 (net)
                      0.091769    0.002217    1.279186 v _120_/A0 (sky130_fd_sc_hd__mux2_1)
     3    0.009407    0.086591    0.338766    1.617952 v _120_/X (sky130_fd_sc_hd__mux2_1)
                                                         _002_ (net)
                      0.086591    0.000149    1.618101 v _122_/B (sky130_fd_sc_hd__and2_1)
     1    0.001724    0.030704    0.162593    1.780694 v _122_/X (sky130_fd_sc_hd__and2_1)
                                                         net10 (net)
                      0.030704    0.000033    1.780727 v output10/A (sky130_fd_sc_hd__buf_2)
     1    0.034676    0.090553    0.174596    1.955323 v output10/X (sky130_fd_sc_hd__buf_2)
                                                         clk_o (net)
                      0.090559    0.000794    1.956116 v clk_o (out)
                                              1.956116   data arrival time

                      0.000000    5.000000    5.000000   clock clk (rise edge)
                                  0.000000    5.000000   clock network delay (ideal)
                                 -0.250000    4.750000   clock uncertainty
                                  0.000000    4.750000   clock reconvergence pessimism
                                 -1.000000    3.750000   output external delay
                                              3.750000   data required time
---------------------------------------------------------------------------------------------
                                              3.750000   data required time
                                             -1.956116   data arrival time
---------------------------------------------------------------------------------------------
                                              1.793884   slack (MET)



%OL_END_REPORT
%OL_CREATE_REPORT checks.rpt

===========================================================================
report_checks -unconstrained
===========================================================================
======================= nom_tt_025C_1v80 Corner ===================================

Startpoint: div_i[3] (input port clocked by clk)
Endpoint: div_ready_o (output port clocked by clk)
Path Group: clk
Path Type: max

Fanout         Cap        Slew       Delay        Time   Description
---------------------------------------------------------------------------------------------
                      0.000000    0.000000    0.000000   clock clk (rise edge)
                                  0.000000    0.000000   clock network delay (ideal)
                                  1.000000    1.000000 ^ input external delay
     1    0.002920    0.020246    0.010740    1.010740 ^ div_i[3] (in)
                                                         div_i[3] (net)
                      0.020246    0.000000    1.010740 ^ input5/A (sky130_fd_sc_hd__buf_1)
     3    0.011358    0.140059    0.139730    1.150470 ^ input5/X (sky130_fd_sc_hd__buf_1)
                                                         net5 (net)
                      0.140059    0.000227    1.150697 ^ _097_/B (sky130_fd_sc_hd__nor3_1)
     2    0.004934    0.054528    0.079452    1.230149 v _097_/Y (sky130_fd_sc_hd__nor3_1)
                                                         _054_ (net)
                      0.054528    0.000110    1.230259 v _098_/B (sky130_fd_sc_hd__or2_1)
     3    0.009476    0.077267    0.244439    1.474699 v _098_/X (sky130_fd_sc_hd__or2_1)
                                                         _055_ (net)
                      0.077267    0.000149    1.474848 v _099_/B (sky130_fd_sc_hd__xor2_1)
     1    0.002414    0.052889    0.145829    1.620677 v _099_/X (sky130_fd_sc_hd__xor2_1)
                                                         _056_ (net)
                      0.052889    0.000048    1.620726 v _100_/D (sky130_fd_sc_hd__or4_4)
     3    0.019487    0.112106    0.461649    2.082375 v _100_/X (sky130_fd_sc_hd__or4_4)
                                                         _057_ (net)
                      0.112106    0.000877    2.083252 v _115_/A1 (sky130_fd_sc_hd__o21bai_4)
     1    0.006095    0.101710    0.159067    2.242318 ^ _115_/Y (sky130_fd_sc_hd__o21bai_4)
                                                         net15 (net)
                      0.101710    0.000206    2.242524 ^ output15/A (sky130_fd_sc_hd__buf_6)
     1    0.034552    0.077547    0.144590    2.387114 ^ output15/X (sky130_fd_sc_hd__buf_6)
                                                         div_ready_o (net)
                      0.077553    0.000747    2.387862 ^ div_ready_o (out)
                                              2.387862   data arrival time

                      0.000000    5.000000    5.000000   clock clk (rise edge)
                                  0.000000    5.000000   clock network delay (ideal)
                                 -0.250000    4.750000   clock uncertainty
                                  0.000000    4.750000   clock reconvergence pessimism
                                 -1.000000    3.750000   output external delay
                                              3.750000   data required time
---------------------------------------------------------------------------------------------
                                              3.750000   data required time
                                             -2.387862   data arrival time
---------------------------------------------------------------------------------------------
                                              1.362138   slack (MET)




===========================================================================
report_checks --slack_max -0.01
============================================================================
======================= nom_tt_025C_1v80 Corner ===================================

No paths found.


===========================================================================
 report_check_types -max_slew -max_cap -max_fanout -violators
============================================================================
======================= nom_tt_025C_1v80 Corner ===================================



===========================================================================
report_parasitic_annotation -report_unannotated
============================================================================
Found 0 unannotated drivers.
Found 0 partially unannotated drivers.

===========================================================================
max slew violation count 0
%OL_METRIC_I design__max_slew_violation__count__corner:nom_tt_025C_1v80 0
max fanout violation count 0
%OL_METRIC_I design__max_fanout_violation__count__corner:nom_tt_025C_1v80 0
max cap violation count 0
%OL_METRIC_I design__max_cap_violation__count__corner:nom_tt_025C_1v80 0
============================================================================

===========================================================================
check_setup -verbose -unconstrained_endpoints -multiple_clock -no_clock -no_input_delay -loops -generated_clocks
===========================================================================
Warning: There are 17 unclocked register/latch pins.
  _158_/CLK
  _159_/CLK
  _160_/CLK
  _161_/CLK
  _162_/CLK
  _163_/CLK
  _164_/CLK
  _165_/CLK
  _166_/CLK
  _167_/CLK
  _168_/CLK
  _169_/CLK
  _170_/CLK
  _171_/CLK
  _172_/CLK
  _173_/CLK
  _174_/GATE
Warning: There are 21 unconstrained endpoints.
  cycl_count_o[0]
  cycl_count_o[1]
  cycl_count_o[2]
  cycl_count_o[3]
  _158_/D
  _159_/D
  _160_/D
  _161_/D
  _162_/D
  _163_/D
  _164_/D
  _165_/D
  _166_/D
  _167_/D
  _168_/D
  _169_/D
  _170_/D
  _171_/D
  _172_/D
  _173_/D
  _174_/D
%OL_END_REPORT
%OL_CREATE_REPORT power.rpt

===========================================================================
 report_power
============================================================================
======================= nom_tt_025C_1v80 Corner ===================================

Group                    Internal    Switching      Leakage        Total
                            Power        Power        Power        Power (Watts)
------------------------------------------------------------------------
Sequential           7.213042e-05 1.067319e-04 1.919193e-10 1.788625e-04  46.6%
Combinational        1.140012e-04 9.110545e-05 3.299189e-10 2.051070e-04  53.4%
Clock                0.000000e+00 0.000000e+00 2.851243e-10 2.851243e-10   0.0%
Macro                0.000000e+00 0.000000e+00 0.000000e+00 0.000000e+00   0.0%
Pad                  0.000000e+00 0.000000e+00 0.000000e+00 0.000000e+00   0.0%
------------------------------------------------------------------------
Total                1.861316e-04 1.978373e-04 8.069626e-10 3.839697e-04 100.0%
                            48.5%        51.5%         0.0%
%OL_METRIC_F power__internal__total 0.0001861315977293998
%OL_METRIC_F power__switching__total 0.0001978373184101656
%OL_METRIC_F power__leakage__total 8.069625523354773e-10
%OL_METRIC_F power__total 0.0003839697455987334

%OL_END_REPORT
%OL_CREATE_REPORT skew.min.rpt

===========================================================================
Clock Skew (Hold)
============================================================================
%OL_METRIC_F clock__skew__worst_hold__corner:nom_tt_025C_1v80 0.0
======================= nom_tt_025C_1v80 Corner ===================================

Clock clk
No launch/capture paths found.

%OL_END_REPORT
%OL_CREATE_REPORT skew.max.rpt

===========================================================================
Clock Skew (Setup)
============================================================================
%OL_METRIC_F clock__skew__worst_setup__corner:nom_tt_025C_1v80 0.0
======================= nom_tt_025C_1v80 Corner ===================================

Clock clk
No launch/capture paths found.

%OL_END_REPORT
%OL_CREATE_REPORT ws.min.rpt

===========================================================================
Worst Slack (Hold)
============================================================================
%OL_METRIC_F timing__hold__ws__corner:nom_tt_025C_1v80 2.261629614267432
nom_tt_025C_1v80: 2.261629614267432
%OL_END_REPORT
%OL_CREATE_REPORT ws.max.rpt

===========================================================================
Worst Slack (Setup)
============================================================================
%OL_METRIC_F timing__setup__ws__corner:nom_tt_025C_1v80 1.3621382185516275
nom_tt_025C_1v80: 1.3621382185516275
%OL_END_REPORT
%OL_CREATE_REPORT tns.min.rpt

===========================================================================
Total Negative Slack (Hold)
============================================================================
%OL_METRIC_F timing__hold__tns__corner:nom_tt_025C_1v80 0.0
nom_tt_025C_1v80: 0.0
%OL_END_REPORT
%OL_CREATE_REPORT tns.max.rpt

===========================================================================
Total Negative Slack (Setup)
============================================================================
%OL_METRIC_F timing__setup__tns__corner:nom_tt_025C_1v80 0.0
nom_tt_025C_1v80: 0.0
%OL_END_REPORT
%OL_CREATE_REPORT wns.min.rpt

===========================================================================
Worst Negative Slack (Hold)
============================================================================
%OL_METRIC_F timing__hold__wns__corner:nom_tt_025C_1v80 0
nom_tt_025C_1v80: 0
%OL_END_REPORT
%OL_CREATE_REPORT wns.max.rpt

===========================================================================
Worst Negative Slack (Setup)
============================================================================
%OL_METRIC_F timing__setup__wns__corner:nom_tt_025C_1v80 0.0
nom_tt_025C_1v80: 0.0
%OL_END_REPORT
%OL_CREATE_REPORT violator_list.rpt

===========================================================================
Violator List
============================================================================
%OL_METRIC_I timing__hold_vio__count__corner:nom_tt_025C_1v80 0
%OL_METRIC_F timing__hold_r2r__ws__corner:nom_tt_025C_1v80 inf
%OL_METRIC_I timing__hold_r2r_vio__count__corner:nom_tt_025C_1v80 0
%OL_METRIC_I timing__setup_vio__count__corner:nom_tt_025C_1v80 0
%OL_METRIC_F timing__setup_r2r__ws__corner:nom_tt_025C_1v80 inf
%OL_METRIC_I timing__setup_r2r_vio__count__corner:nom_tt_025C_1v80 0
%OL_END_REPORT
%OL_CREATE_REPORT unpropagated.rpt
clk
%OL_END_REPORT
%OL_CREATE_REPORT clock.rpt
Clock: clk
Sources: 
Generated: no
Virtual: yes
Propagated: no
Period: 5.000000

===========================================================================
report_clock_properties
============================================================================
Clock                   Period          Waveform
----------------------------------------------------
clk                   5.000000    0.000000  2.500000

===========================================================================
report_clock_latency
============================================================================
Clock clk
rise -> rise
    min     max
0.000000 0.000000 source latency
1.334138         network latency _161_/CLK
        1.668381 network latency _174_/GATE
---------------
1.334138 1.668381 latency
        0.334243 skew

rise -> fall
    min     max
0.000000 0.000000 source latency
1.277317         network latency _169_/CLK
        1.618071 network latency _160_/CLK
---------------
1.277317 1.618071 latency
        0.340754 skew



===========================================================================
report_clock_min_period
============================================================================
clk period_min = 0.00 fmax = inf
%OL_END_REPORT
Writing SDF files for all corners…
Removing Clock latencies before writing libs…
Writing timing models for all corners…
Writing timing models for the nom_tt_025C_1v80 corner to /home/nakanomiku/DigitalDesign/clk_int_div/runs/RUN_2024-10-31_18-04-53/54-openroad-stapostpnr/nom_tt_025C_1v80/clk_int_div__nom_tt_025C_1v80.lib…
