Analysis & Synthesis report for 8_bit_counter
Tue Oct 22 03:28:11 2024
Quartus Prime Version 17.0.0 Build 595 04/25/2017 SJ Lite Edition


---------------------
; Table of Contents ;
---------------------
  1. Legal Notice
  2. Analysis & Synthesis Summary
  3. Analysis & Synthesis Settings
  4. Parallel Compilation
  5. Analysis & Synthesis Source Files Read
  6. Analysis & Synthesis Resource Usage Summary
  7. Analysis & Synthesis Resource Utilization by Entity
  8. General Register Statistics
  9. Parameter Settings for Inferred Entity Instance: seven_segment:seven_segment_inst|lpm_divide:Mod1
 10. Parameter Settings for Inferred Entity Instance: seven_segment:seven_segment_inst|lpm_divide:Div1
 11. Parameter Settings for Inferred Entity Instance: seven_segment:seven_segment_inst|lpm_divide:Mod0
 12. Parameter Settings for Inferred Entity Instance: seven_segment:seven_segment_inst|lpm_divide:Div0
 13. Post-Synthesis Netlist Statistics for Top Partition
 14. Elapsed Time Per Partition
 15. Analysis & Synthesis Messages



----------------
; Legal Notice ;
----------------
Copyright (C) 2017  Intel Corporation. All rights reserved.
Your use of Intel Corporation's design tools, logic functions 
and other software and tools, and its AMPP partner logic 
functions, and any output files from any of the foregoing 
(including device programming or simulation files), and any 
associated documentation or information are expressly subject 
to the terms and conditions of the Intel Program License 
Subscription Agreement, the Intel Quartus Prime License Agreement,
the Intel MegaCore Function License Agreement, or other 
applicable license agreement, including, without limitation, 
that your use is for the sole purpose of programming logic 
devices manufactured by Intel and sold by Intel or its 
authorized distributors.  Please refer to the applicable 
agreement for further details.



+----------------------------------------------------------------------------------+
; Analysis & Synthesis Summary                                                     ;
+------------------------------------+---------------------------------------------+
; Analysis & Synthesis Status        ; Successful - Tue Oct 22 03:28:11 2024       ;
; Quartus Prime Version              ; 17.0.0 Build 595 04/25/2017 SJ Lite Edition ;
; Revision Name                      ; 8_bit_counter                               ;
; Top-level Entity Name              ; eight_bit                                   ;
; Family                             ; MAX 10                                      ;
; Total logic elements               ; 264                                         ;
;     Total combinational functions  ; 264                                         ;
;     Dedicated logic registers      ; 34                                          ;
; Total registers                    ; 34                                          ;
; Total pins                         ; 47                                          ;
; Total virtual pins                 ; 0                                           ;
; Total memory bits                  ; 0                                           ;
; Embedded Multiplier 9-bit elements ; 0                                           ;
; Total PLLs                         ; 0                                           ;
; UFM blocks                         ; 0                                           ;
; ADC blocks                         ; 0                                           ;
+------------------------------------+---------------------------------------------+


+----------------------------------------------------------------------------------------------------------------------+
; Analysis & Synthesis Settings                                                                                        ;
+----------------------------------------------------------------------------+--------------------+--------------------+
; Option                                                                     ; Setting            ; Default Value      ;
+----------------------------------------------------------------------------+--------------------+--------------------+
; Device                                                                     ; 10M50DAF484C7G     ;                    ;
; Top-level entity name                                                      ; eight_bit          ; 8_bit_counter      ;
; Family name                                                                ; MAX 10 FPGA        ; Cyclone V          ;
; Use smart compilation                                                      ; Off                ; Off                ;
; Enable parallel Assembler and TimeQuest Timing Analyzer during compilation ; On                 ; On                 ;
; Enable compact report table                                                ; Off                ; Off                ;
; Restructure Multiplexers                                                   ; Auto               ; Auto               ;
; Create Debugging Nodes for IP Cores                                        ; Off                ; Off                ;
; Preserve fewer node names                                                  ; On                 ; On                 ;
; OpenCore Plus hardware evaluation                                          ; Enable             ; Enable             ;
; Verilog Version                                                            ; Verilog_2001       ; Verilog_2001       ;
; VHDL Version                                                               ; VHDL_1993          ; VHDL_1993          ;
; State Machine Processing                                                   ; Auto               ; Auto               ;
; Safe State Machine                                                         ; Off                ; Off                ;
; Extract Verilog State Machines                                             ; On                 ; On                 ;
; Extract VHDL State Machines                                                ; On                 ; On                 ;
; Ignore Verilog initial constructs                                          ; Off                ; Off                ;
; Iteration limit for constant Verilog loops                                 ; 5000               ; 5000               ;
; Iteration limit for non-constant Verilog loops                             ; 250                ; 250                ;
; Add Pass-Through Logic to Inferred RAMs                                    ; On                 ; On                 ;
; Infer RAMs from Raw Logic                                                  ; On                 ; On                 ;
; Parallel Synthesis                                                         ; On                 ; On                 ;
; DSP Block Balancing                                                        ; Auto               ; Auto               ;
; NOT Gate Push-Back                                                         ; On                 ; On                 ;
; Power-Up Don't Care                                                        ; On                 ; On                 ;
; Remove Redundant Logic Cells                                               ; Off                ; Off                ;
; Remove Duplicate Registers                                                 ; On                 ; On                 ;
; Ignore CARRY Buffers                                                       ; Off                ; Off                ;
; Ignore CASCADE Buffers                                                     ; Off                ; Off                ;
; Ignore GLOBAL Buffers                                                      ; Off                ; Off                ;
; Ignore ROW GLOBAL Buffers                                                  ; Off                ; Off                ;
; Ignore LCELL Buffers                                                       ; Off                ; Off                ;
; Ignore SOFT Buffers                                                        ; On                 ; On                 ;
; Limit AHDL Integers to 32 Bits                                             ; Off                ; Off                ;
; Optimization Technique                                                     ; Balanced           ; Balanced           ;
; Carry Chain Length                                                         ; 70                 ; 70                 ;
; Auto Carry Chains                                                          ; On                 ; On                 ;
; Auto Open-Drain Pins                                                       ; On                 ; On                 ;
; Perform WYSIWYG Primitive Resynthesis                                      ; Off                ; Off                ;
; Auto ROM Replacement                                                       ; On                 ; On                 ;
; Auto RAM Replacement                                                       ; On                 ; On                 ;
; Auto DSP Block Replacement                                                 ; On                 ; On                 ;
; Auto Shift Register Replacement                                            ; Auto               ; Auto               ;
; Allow Shift Register Merging across Hierarchies                            ; Auto               ; Auto               ;
; Auto Clock Enable Replacement                                              ; On                 ; On                 ;
; Strict RAM Replacement                                                     ; Off                ; Off                ;
; Allow Synchronous Control Signals                                          ; On                 ; On                 ;
; Force Use of Synchronous Clear Signals                                     ; Off                ; Off                ;
; Auto RAM Block Balancing                                                   ; On                 ; On                 ;
; Auto RAM to Logic Cell Conversion                                          ; Off                ; Off                ;
; Auto Resource Sharing                                                      ; Off                ; Off                ;
; Allow Any RAM Size For Recognition                                         ; Off                ; Off                ;
; Allow Any ROM Size For Recognition                                         ; Off                ; Off                ;
; Allow Any Shift Register Size For Recognition                              ; Off                ; Off                ;
; Use LogicLock Constraints during Resource Balancing                        ; On                 ; On                 ;
; Ignore translate_off and synthesis_off directives                          ; Off                ; Off                ;
; Timing-Driven Synthesis                                                    ; On                 ; On                 ;
; Report Parameter Settings                                                  ; On                 ; On                 ;
; Report Source Assignments                                                  ; On                 ; On                 ;
; Report Connectivity Checks                                                 ; On                 ; On                 ;
; Ignore Maximum Fan-Out Assignments                                         ; Off                ; Off                ;
; Synchronization Register Chain Length                                      ; 2                  ; 2                  ;
; PowerPlay Power Optimization During Synthesis                              ; Normal compilation ; Normal compilation ;
; HDL message level                                                          ; Level2             ; Level2             ;
; Suppress Register Optimization Related Messages                            ; Off                ; Off                ;
; Number of Removed Registers Reported in Synthesis Report                   ; 5000               ; 5000               ;
; Number of Swept Nodes Reported in Synthesis Report                         ; 5000               ; 5000               ;
; Number of Inverted Registers Reported in Synthesis Report                  ; 100                ; 100                ;
; Clock MUX Protection                                                       ; On                 ; On                 ;
; Auto Gated Clock Conversion                                                ; Off                ; Off                ;
; Block Design Naming                                                        ; Auto               ; Auto               ;
; SDC constraint protection                                                  ; Off                ; Off                ;
; Synthesis Effort                                                           ; Auto               ; Auto               ;
; Shift Register Replacement - Allow Asynchronous Clear Signal               ; On                 ; On                 ;
; Pre-Mapping Resynthesis Optimization                                       ; Off                ; Off                ;
; Analysis & Synthesis Message Level                                         ; Medium             ; Medium             ;
; Disable Register Merging Across Hierarchies                                ; Auto               ; Auto               ;
; Resource Aware Inference For Block RAM                                     ; On                 ; On                 ;
+----------------------------------------------------------------------------+--------------------+--------------------+


+------------------------------------------+
; Parallel Compilation                     ;
+----------------------------+-------------+
; Processors                 ; Number      ;
+----------------------------+-------------+
; Number detected on machine ; 16          ;
; Maximum allowed            ; 16          ;
;                            ;             ;
; Average used               ; 1.00        ;
; Maximum used               ; 16          ;
;                            ;             ;
; Usage by Processor         ; % Time Used ;
;     Processor 1            ; 100.0%      ;
;     Processors 2-16        ;   0.0%      ;
+----------------------------+-------------+


+-----------------------------------------------------------------------------------------------------------------------------------------------------------------------------+
; Analysis & Synthesis Source Files Read                                                                                                                                      ;
+----------------------------------+-----------------+------------------------------+-------------------------------------------------------------------------------+---------+
; File Name with User-Entered Path ; Used in Netlist ; File Type                    ; File Name with Absolute Path                                                  ; Library ;
+----------------------------------+-----------------+------------------------------+-------------------------------------------------------------------------------+---------+
; seven_segment.vhd                ; yes             ; User VHDL File               ; C:/Users/Habsyi/Documents/ELKA/PKT/Tugas3PKT_Board/seven_segment.vhd          ;         ;
; eight_bit.vhd                    ; yes             ; User VHDL File               ; C:/Users/Habsyi/Documents/ELKA/PKT/Tugas3PKT_Board/eight_bit.vhd              ;         ;
; counter.vhd                      ; yes             ; User VHDL File               ; C:/Users/Habsyi/Documents/ELKA/PKT/Tugas3PKT_Board/counter.vhd                ;         ;
; clk_divider.vhd                  ; yes             ; User VHDL File               ; C:/Users/Habsyi/Documents/ELKA/PKT/Tugas3PKT_Board/clk_divider.vhd            ;         ;
; lpm_divide.tdf                   ; yes             ; Megafunction                 ; c:/intelfpga_lite/17.0/quartus/libraries/megafunctions/lpm_divide.tdf         ;         ;
; abs_divider.inc                  ; yes             ; Megafunction                 ; c:/intelfpga_lite/17.0/quartus/libraries/megafunctions/abs_divider.inc        ;         ;
; sign_div_unsign.inc              ; yes             ; Megafunction                 ; c:/intelfpga_lite/17.0/quartus/libraries/megafunctions/sign_div_unsign.inc    ;         ;
; aglobal170.inc                   ; yes             ; Megafunction                 ; c:/intelfpga_lite/17.0/quartus/libraries/megafunctions/aglobal170.inc         ;         ;
; db/lpm_divide_gkl.tdf            ; yes             ; Auto-Generated Megafunction  ; C:/Users/Habsyi/Documents/ELKA/PKT/Tugas3PKT_Board/db/lpm_divide_gkl.tdf      ;         ;
; db/sign_div_unsign_fkh.tdf       ; yes             ; Auto-Generated Megafunction  ; C:/Users/Habsyi/Documents/ELKA/PKT/Tugas3PKT_Board/db/sign_div_unsign_fkh.tdf ;         ;
; db/alt_u_div_8fe.tdf             ; yes             ; Auto-Generated Megafunction  ; C:/Users/Habsyi/Documents/ELKA/PKT/Tugas3PKT_Board/db/alt_u_div_8fe.tdf       ;         ;
; db/add_sub_t3c.tdf               ; yes             ; Auto-Generated Megafunction  ; C:/Users/Habsyi/Documents/ELKA/PKT/Tugas3PKT_Board/db/add_sub_t3c.tdf         ;         ;
; db/add_sub_u3c.tdf               ; yes             ; Auto-Generated Megafunction  ; C:/Users/Habsyi/Documents/ELKA/PKT/Tugas3PKT_Board/db/add_sub_u3c.tdf         ;         ;
; db/lpm_divide_9sl.tdf            ; yes             ; Auto-Generated Megafunction  ; C:/Users/Habsyi/Documents/ELKA/PKT/Tugas3PKT_Board/db/lpm_divide_9sl.tdf      ;         ;
; db/sign_div_unsign_bkh.tdf       ; yes             ; Auto-Generated Megafunction  ; C:/Users/Habsyi/Documents/ELKA/PKT/Tugas3PKT_Board/db/sign_div_unsign_bkh.tdf ;         ;
; db/alt_u_div_0fe.tdf             ; yes             ; Auto-Generated Megafunction  ; C:/Users/Habsyi/Documents/ELKA/PKT/Tugas3PKT_Board/db/alt_u_div_0fe.tdf       ;         ;
; db/lpm_divide_csl.tdf            ; yes             ; Auto-Generated Megafunction  ; C:/Users/Habsyi/Documents/ELKA/PKT/Tugas3PKT_Board/db/lpm_divide_csl.tdf      ;         ;
; db/sign_div_unsign_ekh.tdf       ; yes             ; Auto-Generated Megafunction  ; C:/Users/Habsyi/Documents/ELKA/PKT/Tugas3PKT_Board/db/sign_div_unsign_ekh.tdf ;         ;
; db/alt_u_div_6fe.tdf             ; yes             ; Auto-Generated Megafunction  ; C:/Users/Habsyi/Documents/ELKA/PKT/Tugas3PKT_Board/db/alt_u_div_6fe.tdf       ;         ;
+----------------------------------+-----------------+------------------------------+-------------------------------------------------------------------------------+---------+


+-------------------------------------------------------------------+
; Analysis & Synthesis Resource Usage Summary                       ;
+---------------------------------------------+---------------------+
; Resource                                    ; Usage               ;
+---------------------------------------------+---------------------+
; Estimated Total logic elements              ; 264                 ;
;                                             ;                     ;
; Total combinational functions               ; 264                 ;
; Logic element usage by number of LUT inputs ;                     ;
;     -- 4 input functions                    ; 45                  ;
;     -- 3 input functions                    ; 57                  ;
;     -- <=2 input functions                  ; 162                 ;
;                                             ;                     ;
; Logic elements by mode                      ;                     ;
;     -- normal mode                          ; 164                 ;
;     -- arithmetic mode                      ; 100                 ;
;                                             ;                     ;
; Total registers                             ; 34                  ;
;     -- Dedicated logic registers            ; 34                  ;
;     -- I/O registers                        ; 0                   ;
;                                             ;                     ;
; I/O pins                                    ; 47                  ;
;                                             ;                     ;
; Embedded Multiplier 9-bit elements          ; 0                   ;
;                                             ;                     ;
; Maximum fan-out node                        ; MAX10_CLK1_50~input ;
; Maximum fan-out                             ; 26                  ;
; Total fan-out                               ; 800                 ;
; Average fan-out                             ; 2.04                ;
+---------------------------------------------+---------------------+


+-----------------------------------------------------------------------------------------------------------------------------------------------------------------------------------------------------------------------------------------------------------------------------------------------------------------------------------------------------------------------------------+
; Analysis & Synthesis Resource Utilization by Entity                                                                                                                                                                                                                                                                                                                               ;
+-------------------------------------------+---------------------+---------------------------+-------------+------------+--------------+---------+-----------+------+--------------+------------+---------------------------------------------------------------------------------------------------------------------------------------------+---------------------+--------------+
; Compilation Hierarchy Node                ; Combinational ALUTs ; Dedicated Logic Registers ; Memory Bits ; UFM Blocks ; DSP Elements ; DSP 9x9 ; DSP 18x18 ; Pins ; Virtual Pins ; ADC blocks ; Full Hierarchy Name                                                                                                                         ; Entity Name         ; Library Name ;
+-------------------------------------------+---------------------+---------------------------+-------------+------------+--------------+---------+-----------+------+--------------+------------+---------------------------------------------------------------------------------------------------------------------------------------------+---------------------+--------------+
; |eight_bit                                ; 264 (0)             ; 34 (0)                    ; 0           ; 0          ; 0            ; 0       ; 0         ; 47   ; 0            ; 0          ; |eight_bit                                                                                                                                  ; eight_bit           ; work         ;
;    |clk_divider:clk_div_inst|             ; 49 (49)             ; 26 (26)                   ; 0           ; 0          ; 0            ; 0       ; 0         ; 0    ; 0            ; 0          ; |eight_bit|clk_divider:clk_div_inst                                                                                                         ; clk_divider         ; work         ;
;    |counter:counter_inst|                 ; 8 (8)               ; 8 (8)                     ; 0           ; 0          ; 0            ; 0       ; 0         ; 0    ; 0            ; 0          ; |eight_bit|counter:counter_inst                                                                                                             ; counter             ; work         ;
;    |seven_segment:seven_segment_inst|     ; 207 (17)            ; 0 (0)                     ; 0           ; 0          ; 0            ; 0       ; 0         ; 0    ; 0            ; 0          ; |eight_bit|seven_segment:seven_segment_inst                                                                                                 ; seven_segment       ; work         ;
;       |lpm_divide:Div0|                   ; 25 (0)              ; 0 (0)                     ; 0           ; 0          ; 0            ; 0       ; 0         ; 0    ; 0            ; 0          ; |eight_bit|seven_segment:seven_segment_inst|lpm_divide:Div0                                                                                 ; lpm_divide          ; work         ;
;          |lpm_divide_csl:auto_generated|  ; 25 (0)              ; 0 (0)                     ; 0           ; 0          ; 0            ; 0       ; 0         ; 0    ; 0            ; 0          ; |eight_bit|seven_segment:seven_segment_inst|lpm_divide:Div0|lpm_divide_csl:auto_generated                                                   ; lpm_divide_csl      ; work         ;
;             |sign_div_unsign_ekh:divider| ; 25 (0)              ; 0 (0)                     ; 0           ; 0          ; 0            ; 0       ; 0         ; 0    ; 0            ; 0          ; |eight_bit|seven_segment:seven_segment_inst|lpm_divide:Div0|lpm_divide_csl:auto_generated|sign_div_unsign_ekh:divider                       ; sign_div_unsign_ekh ; work         ;
;                |alt_u_div_6fe:divider|    ; 25 (25)             ; 0 (0)                     ; 0           ; 0          ; 0            ; 0       ; 0         ; 0    ; 0            ; 0          ; |eight_bit|seven_segment:seven_segment_inst|lpm_divide:Div0|lpm_divide_csl:auto_generated|sign_div_unsign_ekh:divider|alt_u_div_6fe:divider ; alt_u_div_6fe       ; work         ;
;       |lpm_divide:Div1|                   ; 56 (0)              ; 0 (0)                     ; 0           ; 0          ; 0            ; 0       ; 0         ; 0    ; 0            ; 0          ; |eight_bit|seven_segment:seven_segment_inst|lpm_divide:Div1                                                                                 ; lpm_divide          ; work         ;
;          |lpm_divide_9sl:auto_generated|  ; 56 (0)              ; 0 (0)                     ; 0           ; 0          ; 0            ; 0       ; 0         ; 0    ; 0            ; 0          ; |eight_bit|seven_segment:seven_segment_inst|lpm_divide:Div1|lpm_divide_9sl:auto_generated                                                   ; lpm_divide_9sl      ; work         ;
;             |sign_div_unsign_bkh:divider| ; 56 (0)              ; 0 (0)                     ; 0           ; 0          ; 0            ; 0       ; 0         ; 0    ; 0            ; 0          ; |eight_bit|seven_segment:seven_segment_inst|lpm_divide:Div1|lpm_divide_9sl:auto_generated|sign_div_unsign_bkh:divider                       ; sign_div_unsign_bkh ; work         ;
;                |alt_u_div_0fe:divider|    ; 56 (56)             ; 0 (0)                     ; 0           ; 0          ; 0            ; 0       ; 0         ; 0    ; 0            ; 0          ; |eight_bit|seven_segment:seven_segment_inst|lpm_divide:Div1|lpm_divide_9sl:auto_generated|sign_div_unsign_bkh:divider|alt_u_div_0fe:divider ; alt_u_div_0fe       ; work         ;
;       |lpm_divide:Mod0|                   ; 32 (0)              ; 0 (0)                     ; 0           ; 0          ; 0            ; 0       ; 0         ; 0    ; 0            ; 0          ; |eight_bit|seven_segment:seven_segment_inst|lpm_divide:Mod0                                                                                 ; lpm_divide          ; work         ;
;          |lpm_divide_gkl:auto_generated|  ; 32 (0)              ; 0 (0)                     ; 0           ; 0          ; 0            ; 0       ; 0         ; 0    ; 0            ; 0          ; |eight_bit|seven_segment:seven_segment_inst|lpm_divide:Mod0|lpm_divide_gkl:auto_generated                                                   ; lpm_divide_gkl      ; work         ;
;             |sign_div_unsign_fkh:divider| ; 32 (0)              ; 0 (0)                     ; 0           ; 0          ; 0            ; 0       ; 0         ; 0    ; 0            ; 0          ; |eight_bit|seven_segment:seven_segment_inst|lpm_divide:Mod0|lpm_divide_gkl:auto_generated|sign_div_unsign_fkh:divider                       ; sign_div_unsign_fkh ; work         ;
;                |alt_u_div_8fe:divider|    ; 32 (32)             ; 0 (0)                     ; 0           ; 0          ; 0            ; 0       ; 0         ; 0    ; 0            ; 0          ; |eight_bit|seven_segment:seven_segment_inst|lpm_divide:Mod0|lpm_divide_gkl:auto_generated|sign_div_unsign_fkh:divider|alt_u_div_8fe:divider ; alt_u_div_8fe       ; work         ;
;       |lpm_divide:Mod1|                   ; 77 (0)              ; 0 (0)                     ; 0           ; 0          ; 0            ; 0       ; 0         ; 0    ; 0            ; 0          ; |eight_bit|seven_segment:seven_segment_inst|lpm_divide:Mod1                                                                                 ; lpm_divide          ; work         ;
;          |lpm_divide_gkl:auto_generated|  ; 77 (0)              ; 0 (0)                     ; 0           ; 0          ; 0            ; 0       ; 0         ; 0    ; 0            ; 0          ; |eight_bit|seven_segment:seven_segment_inst|lpm_divide:Mod1|lpm_divide_gkl:auto_generated                                                   ; lpm_divide_gkl      ; work         ;
;             |sign_div_unsign_fkh:divider| ; 77 (0)              ; 0 (0)                     ; 0           ; 0          ; 0            ; 0       ; 0         ; 0    ; 0            ; 0          ; |eight_bit|seven_segment:seven_segment_inst|lpm_divide:Mod1|lpm_divide_gkl:auto_generated|sign_div_unsign_fkh:divider                       ; sign_div_unsign_fkh ; work         ;
;                |alt_u_div_8fe:divider|    ; 77 (77)             ; 0 (0)                     ; 0           ; 0          ; 0            ; 0       ; 0         ; 0    ; 0            ; 0          ; |eight_bit|seven_segment:seven_segment_inst|lpm_divide:Mod1|lpm_divide_gkl:auto_generated|sign_div_unsign_fkh:divider|alt_u_div_8fe:divider ; alt_u_div_8fe       ; work         ;
+-------------------------------------------+---------------------+---------------------------+-------------+------------+--------------+---------+-----------+------+--------------+------------+---------------------------------------------------------------------------------------------------------------------------------------------+---------------------+--------------+
Note: For table entries with two numbers listed, the numbers in parentheses indicate the number of resources of the given type used by the specific entity alone. The numbers listed outside of parentheses indicate the total resources of the given type used by the specific entity and all of its sub-entities in the hierarchy.


+------------------------------------------------------+
; General Register Statistics                          ;
+----------------------------------------------+-------+
; Statistic                                    ; Value ;
+----------------------------------------------+-------+
; Total registers                              ; 34    ;
; Number of registers using Synchronous Clear  ; 0     ;
; Number of registers using Synchronous Load   ; 0     ;
; Number of registers using Asynchronous Clear ; 8     ;
; Number of registers using Asynchronous Load  ; 0     ;
; Number of registers using Clock Enable       ; 8     ;
; Number of registers using Preset             ; 0     ;
+----------------------------------------------+-------+


+---------------------------------------------------------------------------------------------------+
; Parameter Settings for Inferred Entity Instance: seven_segment:seven_segment_inst|lpm_divide:Mod1 ;
+------------------------+----------------+---------------------------------------------------------+
; Parameter Name         ; Value          ; Type                                                    ;
+------------------------+----------------+---------------------------------------------------------+
; LPM_WIDTHN             ; 8              ; Untyped                                                 ;
; LPM_WIDTHD             ; 8              ; Untyped                                                 ;
; LPM_NREPRESENTATION    ; UNSIGNED       ; Untyped                                                 ;
; LPM_DREPRESENTATION    ; UNSIGNED       ; Untyped                                                 ;
; LPM_PIPELINE           ; 0              ; Untyped                                                 ;
; LPM_REMAINDERPOSITIVE  ; TRUE           ; Untyped                                                 ;
; MAXIMIZE_SPEED         ; 5              ; Untyped                                                 ;
; CBXI_PARAMETER         ; lpm_divide_gkl ; Untyped                                                 ;
; CARRY_CHAIN            ; MANUAL         ; Untyped                                                 ;
; OPTIMIZE_FOR_SPEED     ; 5              ; Untyped                                                 ;
; AUTO_CARRY_CHAINS      ; ON             ; AUTO_CARRY                                              ;
; IGNORE_CARRY_BUFFERS   ; OFF            ; IGNORE_CARRY                                            ;
; AUTO_CASCADE_CHAINS    ; ON             ; AUTO_CASCADE                                            ;
; IGNORE_CASCADE_BUFFERS ; OFF            ; IGNORE_CASCADE                                          ;
+------------------------+----------------+---------------------------------------------------------+
Note: In order to hide this table in the UI and the text report file, please set the "Show Parameter Settings in Synthesis Report" option in "Analysis and Synthesis Settings -> More Settings" to "Off".


+---------------------------------------------------------------------------------------------------+
; Parameter Settings for Inferred Entity Instance: seven_segment:seven_segment_inst|lpm_divide:Div1 ;
+------------------------+----------------+---------------------------------------------------------+
; Parameter Name         ; Value          ; Type                                                    ;
+------------------------+----------------+---------------------------------------------------------+
; LPM_WIDTHN             ; 8              ; Untyped                                                 ;
; LPM_WIDTHD             ; 4              ; Untyped                                                 ;
; LPM_NREPRESENTATION    ; UNSIGNED       ; Untyped                                                 ;
; LPM_DREPRESENTATION    ; UNSIGNED       ; Untyped                                                 ;
; LPM_PIPELINE           ; 0              ; Untyped                                                 ;
; LPM_REMAINDERPOSITIVE  ; TRUE           ; Untyped                                                 ;
; MAXIMIZE_SPEED         ; 5              ; Untyped                                                 ;
; CBXI_PARAMETER         ; lpm_divide_9sl ; Untyped                                                 ;
; CARRY_CHAIN            ; MANUAL         ; Untyped                                                 ;
; OPTIMIZE_FOR_SPEED     ; 5              ; Untyped                                                 ;
; AUTO_CARRY_CHAINS      ; ON             ; AUTO_CARRY                                              ;
; IGNORE_CARRY_BUFFERS   ; OFF            ; IGNORE_CARRY                                            ;
; AUTO_CASCADE_CHAINS    ; ON             ; AUTO_CASCADE                                            ;
; IGNORE_CASCADE_BUFFERS ; OFF            ; IGNORE_CASCADE                                          ;
+------------------------+----------------+---------------------------------------------------------+
Note: In order to hide this table in the UI and the text report file, please set the "Show Parameter Settings in Synthesis Report" option in "Analysis and Synthesis Settings -> More Settings" to "Off".


+---------------------------------------------------------------------------------------------------+
; Parameter Settings for Inferred Entity Instance: seven_segment:seven_segment_inst|lpm_divide:Mod0 ;
+------------------------+----------------+---------------------------------------------------------+
; Parameter Name         ; Value          ; Type                                                    ;
+------------------------+----------------+---------------------------------------------------------+
; LPM_WIDTHN             ; 8              ; Untyped                                                 ;
; LPM_WIDTHD             ; 8              ; Untyped                                                 ;
; LPM_NREPRESENTATION    ; UNSIGNED       ; Untyped                                                 ;
; LPM_DREPRESENTATION    ; UNSIGNED       ; Untyped                                                 ;
; LPM_PIPELINE           ; 0              ; Untyped                                                 ;
; LPM_REMAINDERPOSITIVE  ; TRUE           ; Untyped                                                 ;
; MAXIMIZE_SPEED         ; 5              ; Untyped                                                 ;
; CBXI_PARAMETER         ; lpm_divide_gkl ; Untyped                                                 ;
; CARRY_CHAIN            ; MANUAL         ; Untyped                                                 ;
; OPTIMIZE_FOR_SPEED     ; 5              ; Untyped                                                 ;
; AUTO_CARRY_CHAINS      ; ON             ; AUTO_CARRY                                              ;
; IGNORE_CARRY_BUFFERS   ; OFF            ; IGNORE_CARRY                                            ;
; AUTO_CASCADE_CHAINS    ; ON             ; AUTO_CASCADE                                            ;
; IGNORE_CASCADE_BUFFERS ; OFF            ; IGNORE_CASCADE                                          ;
+------------------------+----------------+---------------------------------------------------------+
Note: In order to hide this table in the UI and the text report file, please set the "Show Parameter Settings in Synthesis Report" option in "Analysis and Synthesis Settings -> More Settings" to "Off".


+---------------------------------------------------------------------------------------------------+
; Parameter Settings for Inferred Entity Instance: seven_segment:seven_segment_inst|lpm_divide:Div0 ;
+------------------------+----------------+---------------------------------------------------------+
; Parameter Name         ; Value          ; Type                                                    ;
+------------------------+----------------+---------------------------------------------------------+
; LPM_WIDTHN             ; 8              ; Untyped                                                 ;
; LPM_WIDTHD             ; 7              ; Untyped                                                 ;
; LPM_NREPRESENTATION    ; UNSIGNED       ; Untyped                                                 ;
; LPM_DREPRESENTATION    ; UNSIGNED       ; Untyped                                                 ;
; LPM_PIPELINE           ; 0              ; Untyped                                                 ;
; LPM_REMAINDERPOSITIVE  ; TRUE           ; Untyped                                                 ;
; MAXIMIZE_SPEED         ; 5              ; Untyped                                                 ;
; CBXI_PARAMETER         ; lpm_divide_csl ; Untyped                                                 ;
; CARRY_CHAIN            ; MANUAL         ; Untyped                                                 ;
; OPTIMIZE_FOR_SPEED     ; 5              ; Untyped                                                 ;
; AUTO_CARRY_CHAINS      ; ON             ; AUTO_CARRY                                              ;
; IGNORE_CARRY_BUFFERS   ; OFF            ; IGNORE_CARRY                                            ;
; AUTO_CASCADE_CHAINS    ; ON             ; AUTO_CASCADE                                            ;
; IGNORE_CASCADE_BUFFERS ; OFF            ; IGNORE_CASCADE                                          ;
+------------------------+----------------+---------------------------------------------------------+
Note: In order to hide this table in the UI and the text report file, please set the "Show Parameter Settings in Synthesis Report" option in "Analysis and Synthesis Settings -> More Settings" to "Off".


+-----------------------------------------------------+
; Post-Synthesis Netlist Statistics for Top Partition ;
+-----------------------+-----------------------------+
; Type                  ; Count                       ;
+-----------------------+-----------------------------+
; boundary_port         ; 47                          ;
; cycloneiii_ff         ; 34                          ;
;     ENA CLR           ; 8                           ;
;     plain             ; 26                          ;
; cycloneiii_lcell_comb ; 269                         ;
;     arith             ; 100                         ;
;         1 data inputs ; 3                           ;
;         2 data inputs ; 43                          ;
;         3 data inputs ; 54                          ;
;     normal            ; 169                         ;
;         0 data inputs ; 16                          ;
;         1 data inputs ; 6                           ;
;         2 data inputs ; 99                          ;
;         3 data inputs ; 3                           ;
;         4 data inputs ; 45                          ;
;                       ;                             ;
; Max LUT depth         ; 15.20                       ;
; Average LUT depth     ; 9.98                        ;
+-----------------------+-----------------------------+


+-------------------------------+
; Elapsed Time Per Partition    ;
+----------------+--------------+
; Partition Name ; Elapsed Time ;
+----------------+--------------+
; Top            ; 00:00:00     ;
+----------------+--------------+


+-------------------------------+
; Analysis & Synthesis Messages ;
+-------------------------------+
Info: *******************************************************************
Info: Running Quartus Prime Analysis & Synthesis
    Info: Version 17.0.0 Build 595 04/25/2017 SJ Lite Edition
    Info: Processing started: Tue Oct 22 03:28:00 2024
Info: Command: quartus_map --read_settings_files=on --write_settings_files=off 8_bit_counter -c 8_bit_counter
Warning (18236): Number of processors has not been specified which may cause overloading on shared machines.  Set the global assignment NUM_PARALLEL_PROCESSORS in your QSF to an appropriate value for best performance.
Info (20030): Parallel compilation is enabled and will use 16 of the 16 processors detected
Info (12021): Found 2 design units, including 1 entities, in source file eight_bit_tb.vhd
    Info (12022): Found design unit 1: eight_bit_tb-Behavioral File: C:/Users/Habsyi/Documents/ELKA/PKT/Tugas3PKT_Board/eight_bit_tb.vhd Line: 9
    Info (12023): Found entity 1: eight_bit_tb File: C:/Users/Habsyi/Documents/ELKA/PKT/Tugas3PKT_Board/eight_bit_tb.vhd Line: 6
Info (12021): Found 2 design units, including 1 entities, in source file seven_segment.vhd
    Info (12022): Found design unit 1: seven_segment-Behavioral File: C:/Users/Habsyi/Documents/ELKA/PKT/Tugas3PKT_Board/seven_segment.vhd Line: 14
    Info (12023): Found entity 1: seven_segment File: C:/Users/Habsyi/Documents/ELKA/PKT/Tugas3PKT_Board/seven_segment.vhd Line: 5
Info (12021): Found 2 design units, including 1 entities, in source file eight_bit.vhd
    Info (12022): Found design unit 1: eight_bit-Structural File: C:/Users/Habsyi/Documents/ELKA/PKT/Tugas3PKT_Board/eight_bit.vhd Line: 25
    Info (12023): Found entity 1: eight_bit File: C:/Users/Habsyi/Documents/ELKA/PKT/Tugas3PKT_Board/eight_bit.vhd Line: 4
Info (12021): Found 2 design units, including 1 entities, in source file counter.vhd
    Info (12022): Found design unit 1: counter-Behavioral File: C:/Users/Habsyi/Documents/ELKA/PKT/Tugas3PKT_Board/counter.vhd Line: 16
    Info (12023): Found entity 1: counter File: C:/Users/Habsyi/Documents/ELKA/PKT/Tugas3PKT_Board/counter.vhd Line: 6
Info (12021): Found 2 design units, including 1 entities, in source file clk_divider.vhd
    Info (12022): Found design unit 1: clk_divider-Behavioral File: C:/Users/Habsyi/Documents/ELKA/PKT/Tugas3PKT_Board/clk_divider.vhd Line: 14
    Info (12023): Found entity 1: clk_divider File: C:/Users/Habsyi/Documents/ELKA/PKT/Tugas3PKT_Board/clk_divider.vhd Line: 6
Info (12127): Elaborating entity "eight_bit" for the top level hierarchy
Info (12128): Elaborating entity "clk_divider" for hierarchy "clk_divider:clk_div_inst" File: C:/Users/Habsyi/Documents/ELKA/PKT/Tugas3PKT_Board/eight_bit.vhd Line: 60
Info (12128): Elaborating entity "counter" for hierarchy "counter:counter_inst" File: C:/Users/Habsyi/Documents/ELKA/PKT/Tugas3PKT_Board/eight_bit.vhd Line: 67
Info (12128): Elaborating entity "seven_segment" for hierarchy "seven_segment:seven_segment_inst" File: C:/Users/Habsyi/Documents/ELKA/PKT/Tugas3PKT_Board/eight_bit.vhd Line: 76
Warning (10492): VHDL Process Statement warning at seven_segment.vhd(43): signal "ratusan" is read inside the Process Statement but isn't in the Process Statement's sensitivity list File: C:/Users/Habsyi/Documents/ELKA/PKT/Tugas3PKT_Board/seven_segment.vhd Line: 43
Warning (10492): VHDL Process Statement warning at seven_segment.vhd(44): signal "puluhan" is read inside the Process Statement but isn't in the Process Statement's sensitivity list File: C:/Users/Habsyi/Documents/ELKA/PKT/Tugas3PKT_Board/seven_segment.vhd Line: 44
Warning (10492): VHDL Process Statement warning at seven_segment.vhd(45): signal "satuan" is read inside the Process Statement but isn't in the Process Statement's sensitivity list File: C:/Users/Habsyi/Documents/ELKA/PKT/Tugas3PKT_Board/seven_segment.vhd Line: 45
Warning (19016): Clock multiplexers are found and protected
    Warning (19017): Found clock multiplexer clk_divider:clk_div_inst|clk_out File: C:/Users/Habsyi/Documents/ELKA/PKT/Tugas3PKT_Board/clk_divider.vhd Line: 9
Info (278001): Inferred 4 megafunctions from design logic
    Info (278004): Inferred divider/modulo megafunction ("lpm_divide") from the following logic: "seven_segment:seven_segment_inst|Mod1" File: C:/Users/Habsyi/Documents/ELKA/PKT/Tugas3PKT_Board/seven_segment.vhd Line: 41
    Info (278004): Inferred divider/modulo megafunction ("lpm_divide") from the following logic: "seven_segment:seven_segment_inst|Div1" File: C:/Users/Habsyi/Documents/ELKA/PKT/Tugas3PKT_Board/seven_segment.vhd Line: 40
    Info (278004): Inferred divider/modulo megafunction ("lpm_divide") from the following logic: "seven_segment:seven_segment_inst|Mod0" File: C:/Users/Habsyi/Documents/ELKA/PKT/Tugas3PKT_Board/seven_segment.vhd Line: 40
    Info (278004): Inferred divider/modulo megafunction ("lpm_divide") from the following logic: "seven_segment:seven_segment_inst|Div0" File: C:/Users/Habsyi/Documents/ELKA/PKT/Tugas3PKT_Board/seven_segment.vhd Line: 39
Info (12130): Elaborated megafunction instantiation "seven_segment:seven_segment_inst|lpm_divide:Mod1" File: C:/Users/Habsyi/Documents/ELKA/PKT/Tugas3PKT_Board/seven_segment.vhd Line: 41
Info (12133): Instantiated megafunction "seven_segment:seven_segment_inst|lpm_divide:Mod1" with the following parameter: File: C:/Users/Habsyi/Documents/ELKA/PKT/Tugas3PKT_Board/seven_segment.vhd Line: 41
    Info (12134): Parameter "LPM_WIDTHN" = "8"
    Info (12134): Parameter "LPM_WIDTHD" = "8"
    Info (12134): Parameter "LPM_NREPRESENTATION" = "UNSIGNED"
    Info (12134): Parameter "LPM_DREPRESENTATION" = "UNSIGNED"
Info (12021): Found 1 design units, including 1 entities, in source file db/lpm_divide_gkl.tdf
    Info (12023): Found entity 1: lpm_divide_gkl File: C:/Users/Habsyi/Documents/ELKA/PKT/Tugas3PKT_Board/db/lpm_divide_gkl.tdf Line: 25
Info (12021): Found 1 design units, including 1 entities, in source file db/sign_div_unsign_fkh.tdf
    Info (12023): Found entity 1: sign_div_unsign_fkh File: C:/Users/Habsyi/Documents/ELKA/PKT/Tugas3PKT_Board/db/sign_div_unsign_fkh.tdf Line: 25
Info (12021): Found 1 design units, including 1 entities, in source file db/alt_u_div_8fe.tdf
    Info (12023): Found entity 1: alt_u_div_8fe File: C:/Users/Habsyi/Documents/ELKA/PKT/Tugas3PKT_Board/db/alt_u_div_8fe.tdf Line: 27
Info (12021): Found 1 design units, including 1 entities, in source file db/add_sub_t3c.tdf
    Info (12023): Found entity 1: add_sub_t3c File: C:/Users/Habsyi/Documents/ELKA/PKT/Tugas3PKT_Board/db/add_sub_t3c.tdf Line: 23
Info (12021): Found 1 design units, including 1 entities, in source file db/add_sub_u3c.tdf
    Info (12023): Found entity 1: add_sub_u3c File: C:/Users/Habsyi/Documents/ELKA/PKT/Tugas3PKT_Board/db/add_sub_u3c.tdf Line: 23
Info (12130): Elaborated megafunction instantiation "seven_segment:seven_segment_inst|lpm_divide:Div1" File: C:/Users/Habsyi/Documents/ELKA/PKT/Tugas3PKT_Board/seven_segment.vhd Line: 40
Info (12133): Instantiated megafunction "seven_segment:seven_segment_inst|lpm_divide:Div1" with the following parameter: File: C:/Users/Habsyi/Documents/ELKA/PKT/Tugas3PKT_Board/seven_segment.vhd Line: 40
    Info (12134): Parameter "LPM_WIDTHN" = "8"
    Info (12134): Parameter "LPM_WIDTHD" = "4"
    Info (12134): Parameter "LPM_NREPRESENTATION" = "UNSIGNED"
    Info (12134): Parameter "LPM_DREPRESENTATION" = "UNSIGNED"
Info (12021): Found 1 design units, including 1 entities, in source file db/lpm_divide_9sl.tdf
    Info (12023): Found entity 1: lpm_divide_9sl File: C:/Users/Habsyi/Documents/ELKA/PKT/Tugas3PKT_Board/db/lpm_divide_9sl.tdf Line: 25
Info (12021): Found 1 design units, including 1 entities, in source file db/sign_div_unsign_bkh.tdf
    Info (12023): Found entity 1: sign_div_unsign_bkh File: C:/Users/Habsyi/Documents/ELKA/PKT/Tugas3PKT_Board/db/sign_div_unsign_bkh.tdf Line: 25
Info (12021): Found 1 design units, including 1 entities, in source file db/alt_u_div_0fe.tdf
    Info (12023): Found entity 1: alt_u_div_0fe File: C:/Users/Habsyi/Documents/ELKA/PKT/Tugas3PKT_Board/db/alt_u_div_0fe.tdf Line: 27
Info (12130): Elaborated megafunction instantiation "seven_segment:seven_segment_inst|lpm_divide:Div0" File: C:/Users/Habsyi/Documents/ELKA/PKT/Tugas3PKT_Board/seven_segment.vhd Line: 39
Info (12133): Instantiated megafunction "seven_segment:seven_segment_inst|lpm_divide:Div0" with the following parameter: File: C:/Users/Habsyi/Documents/ELKA/PKT/Tugas3PKT_Board/seven_segment.vhd Line: 39
    Info (12134): Parameter "LPM_WIDTHN" = "8"
    Info (12134): Parameter "LPM_WIDTHD" = "7"
    Info (12134): Parameter "LPM_NREPRESENTATION" = "UNSIGNED"
    Info (12134): Parameter "LPM_DREPRESENTATION" = "UNSIGNED"
Info (12021): Found 1 design units, including 1 entities, in source file db/lpm_divide_csl.tdf
    Info (12023): Found entity 1: lpm_divide_csl File: C:/Users/Habsyi/Documents/ELKA/PKT/Tugas3PKT_Board/db/lpm_divide_csl.tdf Line: 25
Info (12021): Found 1 design units, including 1 entities, in source file db/sign_div_unsign_ekh.tdf
    Info (12023): Found entity 1: sign_div_unsign_ekh File: C:/Users/Habsyi/Documents/ELKA/PKT/Tugas3PKT_Board/db/sign_div_unsign_ekh.tdf Line: 25
Info (12021): Found 1 design units, including 1 entities, in source file db/alt_u_div_6fe.tdf
    Info (12023): Found entity 1: alt_u_div_6fe File: C:/Users/Habsyi/Documents/ELKA/PKT/Tugas3PKT_Board/db/alt_u_div_6fe.tdf Line: 27
Warning (13024): Output pins are stuck at VCC or GND
    Warning (13410): Pin "HEX0[7]" is stuck at VCC File: C:/Users/Habsyi/Documents/ELKA/PKT/Tugas3PKT_Board/eight_bit.vhd Line: 10
    Warning (13410): Pin "HEX1[7]" is stuck at VCC File: C:/Users/Habsyi/Documents/ELKA/PKT/Tugas3PKT_Board/eight_bit.vhd Line: 11
    Warning (13410): Pin "HEX2[1]" is stuck at GND File: C:/Users/Habsyi/Documents/ELKA/PKT/Tugas3PKT_Board/eight_bit.vhd Line: 12
    Warning (13410): Pin "HEX2[7]" is stuck at VCC File: C:/Users/Habsyi/Documents/ELKA/PKT/Tugas3PKT_Board/eight_bit.vhd Line: 12
    Warning (13410): Pin "LEDR[8]" is stuck at GND File: C:/Users/Habsyi/Documents/ELKA/PKT/Tugas3PKT_Board/eight_bit.vhd Line: 18
    Warning (13410): Pin "LEDR[9]" is stuck at GND File: C:/Users/Habsyi/Documents/ELKA/PKT/Tugas3PKT_Board/eight_bit.vhd Line: 18
Info (286030): Timing-Driven Synthesis is running
Info (17016): Found the following redundant logic cells in design
    Info (17048): Logic cell "seven_segment:seven_segment_inst|lpm_divide:Mod0|lpm_divide_gkl:auto_generated|sign_div_unsign_fkh:divider|alt_u_div_8fe:divider|add_sub_7_result_int[0]~0" File: C:/Users/Habsyi/Documents/ELKA/PKT/Tugas3PKT_Board/db/alt_u_div_8fe.tdf Line: 62
    Info (17048): Logic cell "seven_segment:seven_segment_inst|lpm_divide:Mod0|lpm_divide_gkl:auto_generated|sign_div_unsign_fkh:divider|alt_u_div_8fe:divider|add_sub_6_result_int[0]~14" File: C:/Users/Habsyi/Documents/ELKA/PKT/Tugas3PKT_Board/db/alt_u_div_8fe.tdf Line: 57
Info (16010): Generating hard_block partition "hard_block:auto_generated_inst"
    Info (16011): Adding 0 node(s), including 0 DDIO, 0 PLL, 0 transceiver and 0 LCELL
Warning (21074): Design contains 8 input pin(s) that do not drive logic
    Warning (15610): No output dependent on input pin "KEY[1]" File: C:/Users/Habsyi/Documents/ELKA/PKT/Tugas3PKT_Board/eight_bit.vhd Line: 15
    Warning (15610): No output dependent on input pin "SW[3]" File: C:/Users/Habsyi/Documents/ELKA/PKT/Tugas3PKT_Board/eight_bit.vhd Line: 21
    Warning (15610): No output dependent on input pin "SW[4]" File: C:/Users/Habsyi/Documents/ELKA/PKT/Tugas3PKT_Board/eight_bit.vhd Line: 21
    Warning (15610): No output dependent on input pin "SW[5]" File: C:/Users/Habsyi/Documents/ELKA/PKT/Tugas3PKT_Board/eight_bit.vhd Line: 21
    Warning (15610): No output dependent on input pin "SW[6]" File: C:/Users/Habsyi/Documents/ELKA/PKT/Tugas3PKT_Board/eight_bit.vhd Line: 21
    Warning (15610): No output dependent on input pin "SW[7]" File: C:/Users/Habsyi/Documents/ELKA/PKT/Tugas3PKT_Board/eight_bit.vhd Line: 21
    Warning (15610): No output dependent on input pin "SW[8]" File: C:/Users/Habsyi/Documents/ELKA/PKT/Tugas3PKT_Board/eight_bit.vhd Line: 21
    Warning (15610): No output dependent on input pin "SW[9]" File: C:/Users/Habsyi/Documents/ELKA/PKT/Tugas3PKT_Board/eight_bit.vhd Line: 21
Info (21057): Implemented 311 device resources after synthesis - the final resource count might be different
    Info (21058): Implemented 13 input pins
    Info (21059): Implemented 34 output pins
    Info (21061): Implemented 264 logic cells
Info: Quartus Prime Analysis & Synthesis was successful. 0 errors, 22 warnings
    Info: Peak virtual memory: 4872 megabytes
    Info: Processing ended: Tue Oct 22 03:28:11 2024
    Info: Elapsed time: 00:00:11
    Info: Total CPU time (on all processors): 00:00:12


