Clock: clk
Sources: 
Generated: no
Virtual: yes
Propagated: no
Period: 5.000000

===========================================================================
report_clock_properties
============================================================================
Clock                   Period          Waveform
----------------------------------------------------
clk                   5.000000    0.000000  2.500000

===========================================================================
report_clock_latency
============================================================================
Clock clk
rise -> rise
    min     max
0.000000 0.000000 source latency
1.340872         network latency _161_/CLK
        1.676297 network latency _174_/GATE
---------------
1.340872 1.676297 latency
        0.335425 skew

rise -> fall
    min     max
0.000000 0.000000 source latency
1.281308         network latency _169_/CLK
        1.625547 network latency _160_/CLK
---------------
1.281308 1.625547 latency
        0.344239 skew



===========================================================================
report_clock_min_period
============================================================================
clk period_min = 0.00 fmax = inf
