
===========================================================================
report_checks -unconstrained
===========================================================================
======================= min_ff_n40C_1v95 Corner ===================================

Startpoint: div_i[1] (input port clocked by clk)
Endpoint: div_ready_o (output port clocked by clk)
Path Group: clk
Path Type: max

Fanout         Cap        Slew       Delay        Time   Description
---------------------------------------------------------------------------------------------
                      0.000000    0.000000    0.000000   clock clk (rise edge)
                                  0.000000    0.000000   clock network delay (ideal)
                                  1.000000    1.000000 ^ input external delay
     1    0.002849    0.014092    0.007350    1.007350 ^ div_i[1] (in)
                                                         div_i[1] (net)
                      0.014092    0.000000    1.007350 ^ input3/A (sky130_fd_sc_hd__buf_1)
     3    0.010771    0.099081    0.094509    1.101859 ^ input3/X (sky130_fd_sc_hd__buf_1)
                                                         net3 (net)
                      0.099081    0.000095    1.101954 ^ _097_/A (sky130_fd_sc_hd__nor3_1)
     2    0.004934    0.042029    0.047181    1.149135 v _097_/Y (sky130_fd_sc_hd__nor3_1)
                                                         _054_ (net)
                      0.042029    0.000043    1.149178 v _098_/B (sky130_fd_sc_hd__or2_1)
     3    0.009458    0.054433    0.148706    1.297884 v _098_/X (sky130_fd_sc_hd__or2_1)
                                                         _055_ (net)
                      0.054433    0.000042    1.297926 v _099_/B (sky130_fd_sc_hd__xor2_1)
     1    0.002376    0.039192    0.091087    1.389013 v _099_/X (sky130_fd_sc_hd__xor2_1)
                                                         _056_ (net)
                      0.039192    0.000012    1.389025 v _100_/D (sky130_fd_sc_hd__or4_4)
     3    0.018776    0.076950    0.272666    1.661691 v _100_/X (sky130_fd_sc_hd__or4_4)
                                                         _057_ (net)
                      0.076950    0.000499    1.662190 v _115_/A1 (sky130_fd_sc_hd__o21bai_4)
     1    0.006033    0.076423    0.107078    1.769269 ^ _115_/Y (sky130_fd_sc_hd__o21bai_4)
                                                         net15 (net)
                      0.076423    0.000080    1.769349 ^ output15/A (sky130_fd_sc_hd__buf_6)
     1    0.034466    0.058013    0.094829    1.864177 ^ output15/X (sky130_fd_sc_hd__buf_6)
                                                         div_ready_o (net)
                      0.058013    0.000272    1.864450 ^ div_ready_o (out)
                                              1.864450   data arrival time

                      0.000000    5.000000    5.000000   clock clk (rise edge)
                                  0.000000    5.000000   clock network delay (ideal)
                                 -0.250000    4.750000   clock uncertainty
                                  0.000000    4.750000   clock reconvergence pessimism
                                 -1.000000    3.750000   output external delay
                                              3.750000   data required time
---------------------------------------------------------------------------------------------
                                              3.750000   data required time
                                             -1.864450   data arrival time
---------------------------------------------------------------------------------------------
                                              1.885550   slack (MET)




===========================================================================
report_checks --slack_max -0.01
============================================================================
======================= min_ff_n40C_1v95 Corner ===================================

No paths found.


===========================================================================
 report_check_types -max_slew -max_cap -max_fanout -violators
============================================================================
======================= min_ff_n40C_1v95 Corner ===================================



===========================================================================
report_parasitic_annotation -report_unannotated
============================================================================
Found 0 unannotated drivers.
Found 0 partially unannotated drivers.

===========================================================================
max slew violation count 0
max fanout violation count 0
max cap violation count 0
============================================================================

===========================================================================
check_setup -verbose -unconstrained_endpoints -multiple_clock -no_clock -no_input_delay -loops -generated_clocks
===========================================================================
Warning: There are 17 unclocked register/latch pins.
  _158_/CLK
  _159_/CLK
  _160_/CLK
  _161_/CLK
  _162_/CLK
  _163_/CLK
  _164_/CLK
  _165_/CLK
  _166_/CLK
  _167_/CLK
  _168_/CLK
  _169_/CLK
  _170_/CLK
  _171_/CLK
  _172_/CLK
  _173_/CLK
  _174_/GATE
Warning: There are 21 unconstrained endpoints.
  cycl_count_o[0]
  cycl_count_o[1]
  cycl_count_o[2]
  cycl_count_o[3]
  _158_/D
  _159_/D
  _160_/D
  _161_/D
  _162_/D
  _163_/D
  _164_/D
  _165_/D
  _166_/D
  _167_/D
  _168_/D
  _169_/D
  _170_/D
  _171_/D
  _172_/D
  _173_/D
  _174_/D
