Clock: clk
Sources: 
Generated: no
Virtual: yes
Propagated: no
Period: 5.000000

===========================================================================
report_clock_properties
============================================================================
Clock                   Period          Waveform
----------------------------------------------------
clk                   5.000000    0.000000  2.500000

===========================================================================
report_clock_latency
============================================================================
Clock clk
rise -> rise
    min     max
0.000000 0.000000 source latency
1.217616         network latency _161_/CLK
        1.398932 network latency _174_/GATE
---------------
1.217616 1.398932 latency
        0.181316 skew

rise -> fall
    min     max
0.000000 0.000000 source latency
1.179364         network latency _169_/CLK
        1.372969 network latency _174_/GATE
---------------
1.179364 1.372969 latency
        0.193605 skew



===========================================================================
report_clock_min_period
============================================================================
clk period_min = 0.00 fmax = inf
