
===========================================================================
report_checks -unconstrained
===========================================================================
======================= nom_ss_100C_1v60 Corner ===================================

Startpoint: div_i[3] (input port clocked by clk)
Endpoint: div_ready_o (output port clocked by clk)
Path Group: clk
Path Type: max

Fanout         Cap        Slew       Delay        Time   Description
---------------------------------------------------------------------------------------------
                      0.000000    0.000000    0.000000   clock clk (rise edge)
                                  0.000000    0.000000   clock network delay (ideal)
                                  1.000000    1.000000 ^ input external delay
     1    0.002854    0.032607    0.016077    1.016077 ^ div_i[3] (in)
                                                         div_i[3] (net)
                      0.032607    0.000000    1.016077 ^ input5/A (sky130_fd_sc_hd__buf_1)
     3    0.011279    0.224160    0.243926    1.260003 ^ input5/X (sky130_fd_sc_hd__buf_1)
                                                         net5 (net)
                      0.224160    0.000226    1.260229 ^ _097_/B (sky130_fd_sc_hd__nor3_1)
     2    0.004853    0.087376    0.164015    1.424243 v _097_/Y (sky130_fd_sc_hd__nor3_1)
                                                         _054_ (net)
                      0.087376    0.000108    1.424352 v _098_/B (sky130_fd_sc_hd__or2_1)
     3    0.009465    0.155545    0.537011    1.961363 v _098_/X (sky130_fd_sc_hd__or2_1)
                                                         _055_ (net)
                      0.155545    0.000150    1.961513 v _099_/B (sky130_fd_sc_hd__xor2_1)
     1    0.002451    0.099015    0.292223    2.253736 v _099_/X (sky130_fd_sc_hd__xor2_1)
                                                         _056_ (net)
                      0.099015    0.000049    2.253785 v _100_/D (sky130_fd_sc_hd__or4_4)
     3    0.019645    0.204252    0.939786    3.193571 v _100_/X (sky130_fd_sc_hd__or4_4)
                                                         _057_ (net)
                      0.204252    0.000885    3.194456 v _115_/A1 (sky130_fd_sc_hd__o21bai_4)
     1    0.006058    0.158756    0.279149    3.473605 ^ _115_/Y (sky130_fd_sc_hd__o21bai_4)
                                                         net15 (net)
                      0.158756    0.000205    3.473809 ^ output15/A (sky130_fd_sc_hd__buf_6)
     1    0.034552    0.123817    0.263630    3.737440 ^ output15/X (sky130_fd_sc_hd__buf_6)
                                                         div_ready_o (net)
                      0.123819    0.000748    3.738188 ^ div_ready_o (out)
                                              3.738188   data arrival time

                      0.000000    5.000000    5.000000   clock clk (rise edge)
                                  0.000000    5.000000   clock network delay (ideal)
                                 -0.250000    4.750000   clock uncertainty
                                  0.000000    4.750000   clock reconvergence pessimism
                                 -1.000000    3.750000   output external delay
                                              3.750000   data required time
---------------------------------------------------------------------------------------------
                                              3.750000   data required time
                                             -3.738188   data arrival time
---------------------------------------------------------------------------------------------
                                              0.011812   slack (MET)




===========================================================================
report_checks --slack_max -0.01
============================================================================
======================= nom_ss_100C_1v60 Corner ===================================

No paths found.


===========================================================================
 report_check_types -max_slew -max_cap -max_fanout -violators
============================================================================
======================= nom_ss_100C_1v60 Corner ===================================



===========================================================================
report_parasitic_annotation -report_unannotated
============================================================================
Found 0 unannotated drivers.
Found 0 partially unannotated drivers.

===========================================================================
max slew violation count 0
max fanout violation count 0
max cap violation count 0
============================================================================

===========================================================================
check_setup -verbose -unconstrained_endpoints -multiple_clock -no_clock -no_input_delay -loops -generated_clocks
===========================================================================
Warning: There are 17 unclocked register/latch pins.
  _158_/CLK
  _159_/CLK
  _160_/CLK
  _161_/CLK
  _162_/CLK
  _163_/CLK
  _164_/CLK
  _165_/CLK
  _166_/CLK
  _167_/CLK
  _168_/CLK
  _169_/CLK
  _170_/CLK
  _171_/CLK
  _172_/CLK
  _173_/CLK
  _174_/GATE
Warning: There are 21 unconstrained endpoints.
  cycl_count_o[0]
  cycl_count_o[1]
  cycl_count_o[2]
  cycl_count_o[3]
  _158_/D
  _159_/D
  _160_/D
  _161_/D
  _162_/D
  _163_/D
  _164_/D
  _165_/D
  _166_/D
  _167_/D
  _168_/D
  _169_/D
  _170_/D
  _171_/D
  _172_/D
  _173_/D
  _174_/D
