Clock: clk
Sources: 
Generated: no
Virtual: yes
Propagated: no
Period: 5.000000

===========================================================================
report_clock_properties
============================================================================
Clock                   Period          Waveform
----------------------------------------------------
clk                   5.000000    0.000000  2.500000

===========================================================================
report_clock_latency
============================================================================
Clock clk
rise -> rise
    min     max
0.000000 0.000000 source latency
1.579870         network latency _163_/CLK
        2.379756 network latency _174_/GATE
---------------
1.579870 2.379756 latency
        0.799886 skew

rise -> fall
    min     max
0.000000 0.000000 source latency
1.533719         network latency _169_/CLK
        2.285547 network latency _160_/CLK
---------------
1.533719 2.285547 latency
        0.751828 skew



===========================================================================
report_clock_min_period
============================================================================
clk period_min = 0.00 fmax = inf
