
===========================================================================
report_checks -path_delay min (Hold)
============================================================================
======================= nom_ss_100C_1v60 Corner ===================================

Startpoint: div_valid_i (input port clocked by clk)
Endpoint: div_ready_o (output port clocked by clk)
Path Group: clk
Path Type: min

Fanout         Cap        Slew       Delay        Time   Description
---------------------------------------------------------------------------------------------
                      0.000000    0.000000    0.000000   clock clk (rise edge)
                                  0.000000    0.000000   clock network delay (ideal)
                                  1.000000    1.000000 v input external delay
     1    0.002998    0.019216    0.009859    1.009859 v div_valid_i (in)
                                                         div_valid_i (net)
                      0.019216    0.000000    1.009859 v input6/A (sky130_fd_sc_hd__buf_1)
     4    0.010370    0.128783    0.201790    1.211649 v input6/X (sky130_fd_sc_hd__buf_1)
                                                         net6 (net)
                      0.128783    0.000114    1.211763 v _101_/C_N (sky130_fd_sc_hd__or3b_1)
     1    0.009567    0.152532    0.390982    1.602744 ^ _101_/X (sky130_fd_sc_hd__or3b_1)
                                                         _058_ (net)
                      0.152532    0.000288    1.603033 ^ _115_/A2 (sky130_fd_sc_hd__o21bai_4)
     1    0.005679    0.061052    0.131802    1.734835 v _115_/Y (sky130_fd_sc_hd__o21bai_4)
                                                         net15 (net)
                      0.061052    0.000191    1.735026 v output15/A (sky130_fd_sc_hd__buf_6)
     1    0.034552    0.076284    0.243130    1.978156 v output15/X (sky130_fd_sc_hd__buf_6)
                                                         div_ready_o (net)
                      0.076291    0.000748    1.978903 v div_ready_o (out)
                                              1.978903   data arrival time

                      0.000000    0.000000    0.000000   clock clk (rise edge)
                                  0.000000    0.000000   clock network delay (ideal)
                                  0.250000    0.250000   clock uncertainty
                                  0.000000    0.250000   clock reconvergence pessimism
                                 -1.000000   -0.750000   output external delay
                                             -0.750000   data required time
---------------------------------------------------------------------------------------------
                                             -0.750000   data required time
                                             -1.978903   data arrival time
---------------------------------------------------------------------------------------------
                                              2.728903   slack (MET)


Startpoint: test_mode_en_i (input port clocked by clk)
Endpoint: clk_o (output port clocked by clk)
Path Group: clk
Path Type: min

Fanout         Cap        Slew       Delay        Time   Description
---------------------------------------------------------------------------------------------
                      0.000000    0.000000    0.000000   clock clk (rise edge)
                                  0.000000    0.000000   clock network delay (ideal)
                                  1.000000    1.000000 v input external delay
     1    0.002834    0.018589    0.009344    1.009344 v test_mode_en_i (in)
                                                         test_mode_en_i (net)
                      0.018589    0.000000    1.009344 v input9/A (sky130_fd_sc_hd__clkbuf_1)
     2    0.004594    0.068378    0.153682    1.163026 v input9/X (sky130_fd_sc_hd__clkbuf_1)
                                                         net9 (net)
                      0.068378    0.000115    1.163141 v _117_/B (sky130_fd_sc_hd__nor2_1)
     1    0.004037    0.160824    0.166405    1.329547 ^ _117_/Y (sky130_fd_sc_hd__nor2_1)
                                                         _070_ (net)
                      0.160824    0.000087    1.329634 ^ _120_/S (sky130_fd_sc_hd__mux2_1)
     3    0.009841    0.160265    0.353221    1.682854 ^ _120_/X (sky130_fd_sc_hd__mux2_1)
                                                         _002_ (net)
                      0.160265    0.000155    1.683009 ^ _122_/B (sky130_fd_sc_hd__and2_1)
     1    0.001830    0.067172    0.247668    1.930677 ^ _122_/X (sky130_fd_sc_hd__and2_1)
                                                         net10 (net)
                      0.067172    0.000035    1.930711 ^ output10/A (sky130_fd_sc_hd__buf_2)
     1    0.034676    0.275193    0.344281    2.274992 ^ output10/X (sky130_fd_sc_hd__buf_2)
                                                         clk_o (net)
                      0.275193    0.000794    2.275786 ^ clk_o (out)
                                              2.275786   data arrival time

                      0.000000    0.000000    0.000000   clock clk (rise edge)
                                  0.000000    0.000000   clock network delay (ideal)
                                  0.250000    0.250000   clock uncertainty
                                  0.000000    0.250000   clock reconvergence pessimism
                                 -1.000000   -0.750000   output external delay
                                             -0.750000   data required time
---------------------------------------------------------------------------------------------
                                             -0.750000   data required time
                                             -2.275786   data arrival time
---------------------------------------------------------------------------------------------
                                              3.025786   slack (MET)



