Clock: clk
Sources: 
Generated: no
Virtual: yes
Propagated: no
Period: 5.000000

===========================================================================
report_clock_properties
============================================================================
Clock                   Period          Waveform
----------------------------------------------------
clk                   5.000000    0.000000  2.500000

===========================================================================
report_clock_latency
============================================================================
Clock clk
rise -> rise
    min     max
0.000000 0.000000 source latency
1.327608         network latency _161_/CLK
        1.660721 network latency _174_/GATE
---------------
1.327608 1.660721 latency
        0.333114 skew

rise -> fall
    min     max
0.000000 0.000000 source latency
1.272831         network latency _169_/CLK
        1.610742 network latency _160_/CLK
---------------
1.272831 1.610742 latency
        0.337912 skew



===========================================================================
report_clock_min_period
============================================================================
clk period_min = 0.00 fmax = inf
