
===========================================================================
report_checks -path_delay min (Hold)
============================================================================
======================= min_tt_025C_1v80 Corner ===================================

Startpoint: div_valid_i (input port clocked by clk)
Endpoint: div_ready_o (output port clocked by clk)
Path Group: clk
Path Type: min

Fanout         Cap        Slew       Delay        Time   Description
---------------------------------------------------------------------------------------------
                      0.000000    0.000000    0.000000   clock clk (rise edge)
                                  0.000000    0.000000   clock network delay (ideal)
                                  1.000000    1.000000 v input external delay
     1    0.002941    0.008958    0.004655    1.004655 v div_valid_i (in)
                                                         div_valid_i (net)
                      0.008958    0.000000    1.004655 v input6/A (sky130_fd_sc_hd__buf_1)
     4    0.010067    0.064789    0.105383    1.110038 v input6/X (sky130_fd_sc_hd__buf_1)
                                                         net6 (net)
                      0.064789    0.000022    1.110061 v _101_/C_N (sky130_fd_sc_hd__or3b_1)
     1    0.009536    0.094871    0.206175    1.316236 ^ _101_/X (sky130_fd_sc_hd__or3b_1)
                                                         _058_ (net)
                      0.094871    0.000091    1.316326 ^ _115_/A2 (sky130_fd_sc_hd__o21bai_4)
     1    0.005500    0.031850    0.060044    1.376370 v _115_/Y (sky130_fd_sc_hd__o21bai_4)
                                                         net15 (net)
                      0.031850    0.000073    1.376443 v output15/A (sky130_fd_sc_hd__buf_6)
     1    0.034466    0.043797    0.131208    1.507651 v output15/X (sky130_fd_sc_hd__buf_6)
                                                         div_ready_o (net)
                      0.043798    0.000272    1.507923 v div_ready_o (out)
                                              1.507923   data arrival time

                      0.000000    0.000000    0.000000   clock clk (rise edge)
                                  0.000000    0.000000   clock network delay (ideal)
                                  0.250000    0.250000   clock uncertainty
                                  0.000000    0.250000   clock reconvergence pessimism
                                 -1.000000   -0.750000   output external delay
                                             -0.750000   data required time
---------------------------------------------------------------------------------------------
                                             -0.750000   data required time
                                             -1.507923   data arrival time
---------------------------------------------------------------------------------------------
                                              2.257923   slack (MET)


Startpoint: test_mode_en_i (input port clocked by clk)
Endpoint: clk_o (output port clocked by clk)
Path Group: clk
Path Type: min

Fanout         Cap        Slew       Delay        Time   Description
---------------------------------------------------------------------------------------------
                      0.000000    0.000000    0.000000   clock clk (rise edge)
                                  0.000000    0.000000   clock network delay (ideal)
                                  1.000000    1.000000 v input external delay
     1    0.002796    0.008623    0.004415    1.004415 v test_mode_en_i (in)
                                                         test_mode_en_i (net)
                      0.008623    0.000000    1.004415 v input9/A (sky130_fd_sc_hd__clkbuf_1)
     2    0.004533    0.035414    0.080518    1.084933 v input9/X (sky130_fd_sc_hd__clkbuf_1)
                                                         net9 (net)
                      0.035414    0.000042    1.084975 v _117_/B (sky130_fd_sc_hd__nor2_1)
     1    0.004129    0.100433    0.094662    1.179638 ^ _117_/Y (sky130_fd_sc_hd__nor2_1)
                                                         _070_ (net)
                      0.100433    0.000025    1.179662 ^ _120_/S (sky130_fd_sc_hd__mux2_1)
     3    0.009896    0.097333    0.185261    1.364923 ^ _120_/X (sky130_fd_sc_hd__mux2_1)
                                                         _002_ (net)
                      0.097333    0.000050    1.364973 ^ _122_/B (sky130_fd_sc_hd__and2_1)
     1    0.001878    0.039503    0.122524    1.487497 ^ _122_/X (sky130_fd_sc_hd__and2_1)
                                                         net10 (net)
                      0.039503    0.000007    1.487503 ^ output10/A (sky130_fd_sc_hd__buf_2)
     1    0.034569    0.171537    0.197050    1.684553 ^ output10/X (sky130_fd_sc_hd__buf_2)
                                                         clk_o (net)
                      0.171537    0.000394    1.684947 ^ clk_o (out)
                                              1.684947   data arrival time

                      0.000000    0.000000    0.000000   clock clk (rise edge)
                                  0.000000    0.000000   clock network delay (ideal)
                                  0.250000    0.250000   clock uncertainty
                                  0.000000    0.250000   clock reconvergence pessimism
                                 -1.000000   -0.750000   output external delay
                                             -0.750000   data required time
---------------------------------------------------------------------------------------------
                                             -0.750000   data required time
                                             -1.684947   data arrival time
---------------------------------------------------------------------------------------------
                                              2.434947   slack (MET)



