Reading timing models for corner min_tt_025C_1v80…
Reading cell library for the 'min_tt_025C_1v80' corner at '/home/nakanomiku/.volare/volare/sky130/versions/0fe599b2afb6708d281543108caf8310912f54af/sky130A/libs.ref/sky130_fd_sc_hd/lib/sky130_fd_sc_hd__tt_025C_1v80.lib'…
Reading top-level netlist at '/home/nakanomiku/DigitalDesign/clk_int_div/runs/RUN_2024-10-31_18-04-53/51-openroad-fillinsertion/clk_int_div.nl.v'…
Linking design 'clk_int_div' from netlist…
Warning: /home/nakanomiku/DigitalDesign/clk_int_div/runs/RUN_2024-10-31_18-04-53/51-openroad-fillinsertion/clk_int_div.nl.v line 534, module sky130_fd_sc_hd__tapvpwrvgnd_1 not found. Creating black box for TAP_TAPCELL_ROW_0_36.
Warning: /home/nakanomiku/DigitalDesign/clk_int_div/runs/RUN_2024-10-31_18-04-53/51-openroad-fillinsertion/clk_int_div.nl.v line 602, module sky130_ef_sc_hd__decap_12 not found. Creating black box for FILLER_0_3.
Warning: /home/nakanomiku/DigitalDesign/clk_int_div/runs/RUN_2024-10-31_18-04-53/51-openroad-fillinsertion/clk_int_div.nl.v line 604, module sky130_fd_sc_hd__fill_1 not found. Creating black box for FILLER_0_27.
Warning: /home/nakanomiku/DigitalDesign/clk_int_div/runs/RUN_2024-10-31_18-04-53/51-openroad-fillinsertion/clk_int_div.nl.v line 620, module sky130_fd_sc_hd__fill_2 not found. Creating black box for FILLER_2_68.
Reading design constraints file at '/nix/store/mr1ix0gwjfwmikfqyrq536nwhj83f0zp-python3-3.11.9-env/lib/python3.11/site-packages/openlane/scripts/base.sdc'…
Warning: base.sdc line 15, port 'clk' not found.
[INFO] Using clock clk…
[INFO] Setting output delay to: 1
[INFO] Setting input delay to: 1
Warning: base.sdc line 32, port 'clk' not found.
[INFO] Setting load to: 0.033442
[INFO] Setting clock uncertainty to: 0.25
[INFO] Setting clock transition to: 0.1499999999999999944488848768742172978818416595458984375
Warning: base.sdc line 69, transition time can not be specified for virtual clocks.
[INFO] Setting timing derate to: 5%
Warning: base.sdc line 79, virtual clock clk can not be propagated.
Reading top-level design parasitics for the 'min_tt_025C_1v80' corner at '/home/nakanomiku/DigitalDesign/clk_int_div/runs/RUN_2024-10-31_18-04-53/53-openroad-rcx/min/clk_int_div.min.spef'…
%OL_CREATE_REPORT min.rpt

===========================================================================
report_checks -path_delay min (Hold)
============================================================================
======================= min_tt_025C_1v80 Corner ===================================

Startpoint: div_valid_i (input port clocked by clk)
Endpoint: div_ready_o (output port clocked by clk)
Path Group: clk
Path Type: min

Fanout         Cap        Slew       Delay        Time   Description
---------------------------------------------------------------------------------------------
                      0.000000    0.000000    0.000000   clock clk (rise edge)
                                  0.000000    0.000000   clock network delay (ideal)
                                  1.000000    1.000000 v input external delay
     1    0.002941    0.008958    0.004655    1.004655 v div_valid_i (in)
                                                         div_valid_i (net)
                      0.008958    0.000000    1.004655 v input6/A (sky130_fd_sc_hd__buf_1)
     4    0.010067    0.064789    0.105383    1.110038 v input6/X (sky130_fd_sc_hd__buf_1)
                                                         net6 (net)
                      0.064789    0.000022    1.110061 v _101_/C_N (sky130_fd_sc_hd__or3b_1)
     1    0.009536    0.094871    0.206175    1.316236 ^ _101_/X (sky130_fd_sc_hd__or3b_1)
                                                         _058_ (net)
                      0.094871    0.000091    1.316326 ^ _115_/A2 (sky130_fd_sc_hd__o21bai_4)
     1    0.005500    0.031850    0.060044    1.376370 v _115_/Y (sky130_fd_sc_hd__o21bai_4)
                                                         net15 (net)
                      0.031850    0.000073    1.376443 v output15/A (sky130_fd_sc_hd__buf_6)
     1    0.034466    0.043797    0.131208    1.507651 v output15/X (sky130_fd_sc_hd__buf_6)
                                                         div_ready_o (net)
                      0.043798    0.000272    1.507923 v div_ready_o (out)
                                              1.507923   data arrival time

                      0.000000    0.000000    0.000000   clock clk (rise edge)
                                  0.000000    0.000000   clock network delay (ideal)
                                  0.250000    0.250000   clock uncertainty
                                  0.000000    0.250000   clock reconvergence pessimism
                                 -1.000000   -0.750000   output external delay
                                             -0.750000   data required time
---------------------------------------------------------------------------------------------
                                             -0.750000   data required time
                                             -1.507923   data arrival time
---------------------------------------------------------------------------------------------
                                              2.257923   slack (MET)


Startpoint: test_mode_en_i (input port clocked by clk)
Endpoint: clk_o (output port clocked by clk)
Path Group: clk
Path Type: min

Fanout         Cap        Slew       Delay        Time   Description
---------------------------------------------------------------------------------------------
                      0.000000    0.000000    0.000000   clock clk (rise edge)
                                  0.000000    0.000000   clock network delay (ideal)
                                  1.000000    1.000000 v input external delay
     1    0.002796    0.008623    0.004415    1.004415 v test_mode_en_i (in)
                                                         test_mode_en_i (net)
                      0.008623    0.000000    1.004415 v input9/A (sky130_fd_sc_hd__clkbuf_1)
     2    0.004533    0.035414    0.080518    1.084933 v input9/X (sky130_fd_sc_hd__clkbuf_1)
                                                         net9 (net)
                      0.035414    0.000042    1.084975 v _117_/B (sky130_fd_sc_hd__nor2_1)
     1    0.004129    0.100433    0.094662    1.179638 ^ _117_/Y (sky130_fd_sc_hd__nor2_1)
                                                         _070_ (net)
                      0.100433    0.000025    1.179662 ^ _120_/S (sky130_fd_sc_hd__mux2_1)
     3    0.009896    0.097333    0.185261    1.364923 ^ _120_/X (sky130_fd_sc_hd__mux2_1)
                                                         _002_ (net)
                      0.097333    0.000050    1.364973 ^ _122_/B (sky130_fd_sc_hd__and2_1)
     1    0.001878    0.039503    0.122524    1.487497 ^ _122_/X (sky130_fd_sc_hd__and2_1)
                                                         net10 (net)
                      0.039503    0.000007    1.487503 ^ output10/A (sky130_fd_sc_hd__buf_2)
     1    0.034569    0.171537    0.197050    1.684553 ^ output10/X (sky130_fd_sc_hd__buf_2)
                                                         clk_o (net)
                      0.171537    0.000394    1.684947 ^ clk_o (out)
                                              1.684947   data arrival time

                      0.000000    0.000000    0.000000   clock clk (rise edge)
                                  0.000000    0.000000   clock network delay (ideal)
                                  0.250000    0.250000   clock uncertainty
                                  0.000000    0.250000   clock reconvergence pessimism
                                 -1.000000   -0.750000   output external delay
                                             -0.750000   data required time
---------------------------------------------------------------------------------------------
                                             -0.750000   data required time
                                             -1.684947   data arrival time
---------------------------------------------------------------------------------------------
                                              2.434947   slack (MET)



%OL_END_REPORT
%OL_CREATE_REPORT max.rpt

===========================================================================
report_checks -path_delay max (Setup)
============================================================================
======================= min_tt_025C_1v80 Corner ===================================

Startpoint: div_i[1] (input port clocked by clk)
Endpoint: div_ready_o (output port clocked by clk)
Path Group: clk
Path Type: max

Fanout         Cap        Slew       Delay        Time   Description
---------------------------------------------------------------------------------------------
                      0.000000    0.000000    0.000000   clock clk (rise edge)
                                  0.000000    0.000000   clock network delay (ideal)
                                  1.000000    1.000000 ^ input external delay
     1    0.002782    0.019657    0.010238    1.010238 ^ div_i[1] (in)
                                                         div_i[1] (net)
                      0.019657    0.000000    1.010238 ^ input3/A (sky130_fd_sc_hd__buf_1)
     3    0.010685    0.132394    0.134359    1.144597 ^ input3/X (sky130_fd_sc_hd__buf_1)
                                                         net3 (net)
                      0.132394    0.000095    1.144691 ^ _097_/A (sky130_fd_sc_hd__nor3_1)
     2    0.004759    0.053520    0.082411    1.227102 v _097_/Y (sky130_fd_sc_hd__nor3_1)
                                                         _054_ (net)
                      0.053520    0.000041    1.227143 v _098_/B (sky130_fd_sc_hd__or2_1)
     3    0.009307    0.076566    0.243379    1.470522 v _098_/X (sky130_fd_sc_hd__or2_1)
                                                         _055_ (net)
                      0.076566    0.000041    1.470563 v _099_/B (sky130_fd_sc_hd__xor2_1)
     1    0.002383    0.052164    0.145382    1.615946 v _099_/X (sky130_fd_sc_hd__xor2_1)
                                                         _056_ (net)
                      0.052164    0.000012    1.615957 v _100_/D (sky130_fd_sc_hd__or4_4)
     3    0.018770    0.111178    0.460011    2.075968 v _100_/X (sky130_fd_sc_hd__or4_4)
                                                         _057_ (net)
                      0.111178    0.000499    2.076468 v _115_/A1 (sky130_fd_sc_hd__o21bai_4)
     1    0.005979    0.101111    0.158204    2.234672 ^ _115_/Y (sky130_fd_sc_hd__o21bai_4)
                                                         net15 (net)
                      0.101111    0.000079    2.234751 ^ output15/A (sky130_fd_sc_hd__buf_6)
     1    0.034466    0.077329    0.144560    2.379311 ^ output15/X (sky130_fd_sc_hd__buf_6)
                                                         div_ready_o (net)
                      0.077329    0.000272    2.379584 ^ div_ready_o (out)
                                              2.379584   data arrival time

                      0.000000    5.000000    5.000000   clock clk (rise edge)
                                  0.000000    5.000000   clock network delay (ideal)
                                 -0.250000    4.750000   clock uncertainty
                                  0.000000    4.750000   clock reconvergence pessimism
                                 -1.000000    3.750000   output external delay
                                              3.750000   data required time
---------------------------------------------------------------------------------------------
                                              3.750000   data required time
                                             -2.379584   data arrival time
---------------------------------------------------------------------------------------------
                                              1.370417   slack (MET)


Startpoint: clk_i (input port clocked by clk)
Endpoint: clk_o (output port clocked by clk)
Path Group: clk
Path Type: max

Fanout         Cap        Slew       Delay        Time   Description
---------------------------------------------------------------------------------------------
                      0.000000    0.000000    0.000000   clock clk (rise edge)
                                  0.000000    0.000000   clock network delay (ideal)
                                  1.000000    1.000000 v input external delay
     1    0.002620    0.008216    0.004115    1.004115 v clk_i (in)
                                                         clk_i (net)
                      0.008216    0.000000    1.004115 v input1/A (sky130_fd_sc_hd__clkbuf_1)
     2    0.006510    0.046006    0.089420    1.093535 v input1/X (sky130_fd_sc_hd__clkbuf_1)
                                                         net1 (net)
                      0.046006    0.000034    1.093568 v fanout18/A (sky130_fd_sc_hd__buf_2)
    10    0.033687    0.088393    0.179202    1.272771 v fanout18/X (sky130_fd_sc_hd__buf_2)
                                                         net18 (net)
                      0.088415    0.001312    1.274082 v _120_/A0 (sky130_fd_sc_hd__mux2_1)
     3    0.009236    0.085826    0.336630    1.610712 v _120_/X (sky130_fd_sc_hd__mux2_1)
                                                         _002_ (net)
                      0.085826    0.000047    1.610759 v _122_/B (sky130_fd_sc_hd__and2_1)
     1    0.001718    0.031231    0.162216    1.772975 v _122_/X (sky130_fd_sc_hd__and2_1)
                                                         net10 (net)
                      0.031231    0.000006    1.772982 v output10/A (sky130_fd_sc_hd__buf_2)
     1    0.034569    0.090140    0.174944    1.947925 v output10/X (sky130_fd_sc_hd__buf_2)
                                                         clk_o (net)
                      0.090141    0.000394    1.948319 v clk_o (out)
                                              1.948319   data arrival time

                      0.000000    5.000000    5.000000   clock clk (rise edge)
                                  0.000000    5.000000   clock network delay (ideal)
                                 -0.250000    4.750000   clock uncertainty
                                  0.000000    4.750000   clock reconvergence pessimism
                                 -1.000000    3.750000   output external delay
                                              3.750000   data required time
---------------------------------------------------------------------------------------------
                                              3.750000   data required time
                                             -1.948319   data arrival time
---------------------------------------------------------------------------------------------
                                              1.801681   slack (MET)



%OL_END_REPORT
%OL_CREATE_REPORT checks.rpt

===========================================================================
report_checks -unconstrained
===========================================================================
======================= min_tt_025C_1v80 Corner ===================================

Startpoint: div_i[1] (input port clocked by clk)
Endpoint: div_ready_o (output port clocked by clk)
Path Group: clk
Path Type: max

Fanout         Cap        Slew       Delay        Time   Description
---------------------------------------------------------------------------------------------
                      0.000000    0.000000    0.000000   clock clk (rise edge)
                                  0.000000    0.000000   clock network delay (ideal)
                                  1.000000    1.000000 ^ input external delay
     1    0.002782    0.019657    0.010238    1.010238 ^ div_i[1] (in)
                                                         div_i[1] (net)
                      0.019657    0.000000    1.010238 ^ input3/A (sky130_fd_sc_hd__buf_1)
     3    0.010685    0.132394    0.134359    1.144597 ^ input3/X (sky130_fd_sc_hd__buf_1)
                                                         net3 (net)
                      0.132394    0.000095    1.144691 ^ _097_/A (sky130_fd_sc_hd__nor3_1)
     2    0.004759    0.053520    0.082411    1.227102 v _097_/Y (sky130_fd_sc_hd__nor3_1)
                                                         _054_ (net)
                      0.053520    0.000041    1.227143 v _098_/B (sky130_fd_sc_hd__or2_1)
     3    0.009307    0.076566    0.243379    1.470522 v _098_/X (sky130_fd_sc_hd__or2_1)
                                                         _055_ (net)
                      0.076566    0.000041    1.470563 v _099_/B (sky130_fd_sc_hd__xor2_1)
     1    0.002383    0.052164    0.145382    1.615946 v _099_/X (sky130_fd_sc_hd__xor2_1)
                                                         _056_ (net)
                      0.052164    0.000012    1.615957 v _100_/D (sky130_fd_sc_hd__or4_4)
     3    0.018770    0.111178    0.460011    2.075968 v _100_/X (sky130_fd_sc_hd__or4_4)
                                                         _057_ (net)
                      0.111178    0.000499    2.076468 v _115_/A1 (sky130_fd_sc_hd__o21bai_4)
     1    0.005979    0.101111    0.158204    2.234672 ^ _115_/Y (sky130_fd_sc_hd__o21bai_4)
                                                         net15 (net)
                      0.101111    0.000079    2.234751 ^ output15/A (sky130_fd_sc_hd__buf_6)
     1    0.034466    0.077329    0.144560    2.379311 ^ output15/X (sky130_fd_sc_hd__buf_6)
                                                         div_ready_o (net)
                      0.077329    0.000272    2.379584 ^ div_ready_o (out)
                                              2.379584   data arrival time

                      0.000000    5.000000    5.000000   clock clk (rise edge)
                                  0.000000    5.000000   clock network delay (ideal)
                                 -0.250000    4.750000   clock uncertainty
                                  0.000000    4.750000   clock reconvergence pessimism
                                 -1.000000    3.750000   output external delay
                                              3.750000   data required time
---------------------------------------------------------------------------------------------
                                              3.750000   data required time
                                             -2.379584   data arrival time
---------------------------------------------------------------------------------------------
                                              1.370417   slack (MET)




===========================================================================
report_checks --slack_max -0.01
============================================================================
======================= min_tt_025C_1v80 Corner ===================================

No paths found.


===========================================================================
 report_check_types -max_slew -max_cap -max_fanout -violators
============================================================================
======================= min_tt_025C_1v80 Corner ===================================



===========================================================================
report_parasitic_annotation -report_unannotated
============================================================================
Found 0 unannotated drivers.
Found 0 partially unannotated drivers.

===========================================================================
max slew violation count 0
%OL_METRIC_I design__max_slew_violation__count__corner:min_tt_025C_1v80 0
max fanout violation count 0
%OL_METRIC_I design__max_fanout_violation__count__corner:min_tt_025C_1v80 0
max cap violation count 0
%OL_METRIC_I design__max_cap_violation__count__corner:min_tt_025C_1v80 0
============================================================================

===========================================================================
check_setup -verbose -unconstrained_endpoints -multiple_clock -no_clock -no_input_delay -loops -generated_clocks
===========================================================================
Warning: There are 17 unclocked register/latch pins.
  _158_/CLK
  _159_/CLK
  _160_/CLK
  _161_/CLK
  _162_/CLK
  _163_/CLK
  _164_/CLK
  _165_/CLK
  _166_/CLK
  _167_/CLK
  _168_/CLK
  _169_/CLK
  _170_/CLK
  _171_/CLK
  _172_/CLK
  _173_/CLK
  _174_/GATE
Warning: There are 21 unconstrained endpoints.
  cycl_count_o[0]
  cycl_count_o[1]
  cycl_count_o[2]
  cycl_count_o[3]
  _158_/D
  _159_/D
  _160_/D
  _161_/D
  _162_/D
  _163_/D
  _164_/D
  _165_/D
  _166_/D
  _167_/D
  _168_/D
  _169_/D
  _170_/D
  _171_/D
  _172_/D
  _173_/D
  _174_/D
%OL_END_REPORT
%OL_CREATE_REPORT power.rpt

===========================================================================
 report_power
============================================================================
======================= min_tt_025C_1v80 Corner ===================================

Group                    Internal    Switching      Leakage        Total
                            Power        Power        Power        Power (Watts)
------------------------------------------------------------------------
Sequential           7.252116e-05 1.038688e-04 1.919193e-10 1.763902e-04  46.5%
Combinational        1.139721e-04 8.924675e-05 3.299189e-10 2.032192e-04  53.5%
Clock                0.000000e+00 0.000000e+00 2.851243e-10 2.851243e-10   0.0%
Macro                0.000000e+00 0.000000e+00 0.000000e+00 0.000000e+00   0.0%
Pad                  0.000000e+00 0.000000e+00 0.000000e+00 0.000000e+00   0.0%
------------------------------------------------------------------------
Total                1.864932e-04 1.931156e-04 8.069626e-10 3.796096e-04 100.0%
                            49.1%        50.9%         0.0%
%OL_METRIC_F power__internal__total 0.00018649322737473994
%OL_METRIC_F power__switching__total 0.00019311557116452605
%OL_METRIC_F power__leakage__total 8.069625523354773e-10
%OL_METRIC_F power__total 0.0003796096134465188

%OL_END_REPORT
%OL_CREATE_REPORT skew.min.rpt

===========================================================================
Clock Skew (Hold)
============================================================================
%OL_METRIC_F clock__skew__worst_hold__corner:min_tt_025C_1v80 0.0
======================= min_tt_025C_1v80 Corner ===================================

Clock clk
No launch/capture paths found.

%OL_END_REPORT
%OL_CREATE_REPORT skew.max.rpt

===========================================================================
Clock Skew (Setup)
============================================================================
%OL_METRIC_F clock__skew__worst_setup__corner:min_tt_025C_1v80 0.0
======================= min_tt_025C_1v80 Corner ===================================

Clock clk
No launch/capture paths found.

%OL_END_REPORT
%OL_CREATE_REPORT ws.min.rpt

===========================================================================
Worst Slack (Hold)
============================================================================
%OL_METRIC_F timing__hold__ws__corner:min_tt_025C_1v80 2.257923023572589
min_tt_025C_1v80: 2.257923023572589
%OL_END_REPORT
%OL_CREATE_REPORT ws.max.rpt

===========================================================================
Worst Slack (Setup)
============================================================================
%OL_METRIC_F timing__setup__ws__corner:min_tt_025C_1v80 1.370416485746568
min_tt_025C_1v80: 1.370416485746568
%OL_END_REPORT
%OL_CREATE_REPORT tns.min.rpt

===========================================================================
Total Negative Slack (Hold)
============================================================================
%OL_METRIC_F timing__hold__tns__corner:min_tt_025C_1v80 0.0
min_tt_025C_1v80: 0.0
%OL_END_REPORT
%OL_CREATE_REPORT tns.max.rpt

===========================================================================
Total Negative Slack (Setup)
============================================================================
%OL_METRIC_F timing__setup__tns__corner:min_tt_025C_1v80 0.0
min_tt_025C_1v80: 0.0
%OL_END_REPORT
%OL_CREATE_REPORT wns.min.rpt

===========================================================================
Worst Negative Slack (Hold)
============================================================================
%OL_METRIC_F timing__hold__wns__corner:min_tt_025C_1v80 0
min_tt_025C_1v80: 0
%OL_END_REPORT
%OL_CREATE_REPORT wns.max.rpt

===========================================================================
Worst Negative Slack (Setup)
============================================================================
%OL_METRIC_F timing__setup__wns__corner:min_tt_025C_1v80 0.0
min_tt_025C_1v80: 0.0
%OL_END_REPORT
%OL_CREATE_REPORT violator_list.rpt

===========================================================================
Violator List
============================================================================
%OL_METRIC_I timing__hold_vio__count__corner:min_tt_025C_1v80 0
%OL_METRIC_F timing__hold_r2r__ws__corner:min_tt_025C_1v80 inf
%OL_METRIC_I timing__hold_r2r_vio__count__corner:min_tt_025C_1v80 0
%OL_METRIC_I timing__setup_vio__count__corner:min_tt_025C_1v80 0
%OL_METRIC_F timing__setup_r2r__ws__corner:min_tt_025C_1v80 inf
%OL_METRIC_I timing__setup_r2r_vio__count__corner:min_tt_025C_1v80 0
%OL_END_REPORT
%OL_CREATE_REPORT unpropagated.rpt
clk
%OL_END_REPORT
%OL_CREATE_REPORT clock.rpt
Clock: clk
Sources: 
Generated: no
Virtual: yes
Propagated: no
Period: 5.000000

===========================================================================
report_clock_properties
============================================================================
Clock                   Period          Waveform
----------------------------------------------------
clk                   5.000000    0.000000  2.500000

===========================================================================
report_clock_latency
============================================================================
Clock clk
rise -> rise
    min     max
0.000000 0.000000 source latency
1.327608         network latency _161_/CLK
        1.660721 network latency _174_/GATE
---------------
1.327608 1.660721 latency
        0.333114 skew

rise -> fall
    min     max
0.000000 0.000000 source latency
1.272831         network latency _169_/CLK
        1.610742 network latency _160_/CLK
---------------
1.272831 1.610742 latency
        0.337912 skew



===========================================================================
report_clock_min_period
============================================================================
clk period_min = 0.00 fmax = inf
%OL_END_REPORT
Writing SDF files for all corners…
Removing Clock latencies before writing libs…
Writing timing models for all corners…
Writing timing models for the min_tt_025C_1v80 corner to /home/nakanomiku/DigitalDesign/clk_int_div/runs/RUN_2024-10-31_18-04-53/54-openroad-stapostpnr/min_tt_025C_1v80/clk_int_div__min_tt_025C_1v80.lib…
