[WARNING ORD-0039] .openroad ignored with -python
                                Cells by Master                                 
┏━━━━━━━━━━━━━━━━━━━━━━━━━━━━━━━━━━━━━━━━━━━━━━━━━━━━━━━━━━━━━━━━┳━━━━━━━━━━━━━┓
┃ Cell                                                           ┃ Count       ┃
┡━━━━━━━━━━━━━━━━━━━━━━━━━━━━━━━━━━━━━━━━━━━━━━━━━━━━━━━━━━━━━━━━╇━━━━━━━━━━━━━┩
│ sky130_ef_sc_hd__decap_12                                      │ 44          │
│ sky130_fd_sc_hd__a211oi_1                                      │ 3           │
│ sky130_fd_sc_hd__a21oi_1                                       │ 5           │
│ sky130_fd_sc_hd__a22o_1                                        │ 1           │
│ sky130_fd_sc_hd__a22oi_1                                       │ 1           │
│ sky130_fd_sc_hd__a41o_1                                        │ 1           │
│ sky130_fd_sc_hd__and2_1                                        │ 2           │
│ sky130_fd_sc_hd__and2b_1                                       │ 2           │
│ sky130_fd_sc_hd__and3_1                                        │ 2           │
│ sky130_fd_sc_hd__and3b_4                                       │ 1           │
│ sky130_fd_sc_hd__and4bb_1                                      │ 1           │
│ sky130_fd_sc_hd__buf_1                                         │ 4           │
│ sky130_fd_sc_hd__buf_2                                         │ 6           │
│ sky130_fd_sc_hd__buf_6                                         │ 1           │
│ sky130_fd_sc_hd__clkbuf_1                                      │ 5           │
│ sky130_fd_sc_hd__clkbuf_2                                      │ 1           │
│ sky130_fd_sc_hd__clkbuf_4                                      │ 1           │
│ sky130_fd_sc_hd__decap_3                                       │ 44          │
│ sky130_fd_sc_hd__decap_4                                       │ 11          │
│ sky130_fd_sc_hd__decap_6                                       │ 16          │
│ sky130_fd_sc_hd__decap_8                                       │ 17          │
│ sky130_fd_sc_hd__dfrtp_1                                       │ 6           │
│ sky130_fd_sc_hd__dfrtp_2                                       │ 5           │
│ sky130_fd_sc_hd__dfrtp_4                                       │ 3           │
│ sky130_fd_sc_hd__dfstp_1                                       │ 1           │
│ sky130_fd_sc_hd__dfstp_2                                       │ 1           │
│ sky130_fd_sc_hd__dlxtp_1                                       │ 1           │
│ sky130_fd_sc_hd__dlymetal6s2s_1                                │ 1           │
│ sky130_fd_sc_hd__fill_1                                        │ 29          │
│ sky130_fd_sc_hd__fill_2                                        │ 15          │
│ sky130_fd_sc_hd__inv_2                                         │ 7           │
│ sky130_fd_sc_hd__mux2_1                                        │ 7           │
│ sky130_fd_sc_hd__nand2_1                                       │ 4           │
│ sky130_fd_sc_hd__nand2b_1                                      │ 1           │
│ sky130_fd_sc_hd__nand3_1                                       │ 1           │
│ sky130_fd_sc_hd__nor2_1                                        │ 3           │
│ sky130_fd_sc_hd__nor3_1                                        │ 1           │
│ sky130_fd_sc_hd__o2111a_1                                      │ 1           │
│ sky130_fd_sc_hd__o211a_1                                       │ 2           │
│ sky130_fd_sc_hd__o21ai_1                                       │ 1           │
│ sky130_fd_sc_hd__o21ai_2                                       │ 1           │
│ sky130_fd_sc_hd__o21bai_4                                      │ 1           │
│ sky130_fd_sc_hd__o221a_1                                       │ 1           │
│ sky130_fd_sc_hd__o2bb2a_1                                      │ 1           │
│ sky130_fd_sc_hd__o31a_1                                        │ 2           │
│ sky130_fd_sc_hd__or2_1                                         │ 4           │
│ sky130_fd_sc_hd__or3_1                                         │ 4           │
│ sky130_fd_sc_hd__or3_2                                         │ 1           │
│ sky130_fd_sc_hd__or3b_1                                        │ 3           │
│ sky130_fd_sc_hd__or4_1                                         │ 1           │
│ sky130_fd_sc_hd__or4_4                                         │ 1           │
│ sky130_fd_sc_hd__tapvpwrvgnd_1                                 │ 30          │
│ sky130_fd_sc_hd__xnor2_1                                       │ 5           │
│ sky130_fd_sc_hd__xor2_1                                        │ 9           │
└────────────────────────────────────────────────────────────────┴─────────────┘
                               Cells by Function                                
┏━━━━━━━━━━━━━━━━━━━━━━━━━━━━━━━━━━━━━━━━━━━━━━━━━━━━━━━━━━━━━━━┳━━━━━━━━━━━━━━┓
┃ Cell Function                                                 ┃ Count        ┃
┡━━━━━━━━━━━━━━━━━━━━━━━━━━━━━━━━━━━━━━━━━━━━━━━━━━━━━━━━━━━━━━━╇━━━━━━━━━━━━━━┩
│ sky130_ef_sc_hd__decap                                        │ 44           │
│ sky130_fd_sc_hd__a211oi                                       │ 3            │
│ sky130_fd_sc_hd__a21oi                                        │ 5            │
│ sky130_fd_sc_hd__a22o                                         │ 1            │
│ sky130_fd_sc_hd__a22oi                                        │ 1            │
│ sky130_fd_sc_hd__a41o                                         │ 1            │
│ sky130_fd_sc_hd__and2                                         │ 2            │
│ sky130_fd_sc_hd__and2b                                        │ 2            │
│ sky130_fd_sc_hd__and3                                         │ 2            │
│ sky130_fd_sc_hd__and3b                                        │ 1            │
│ sky130_fd_sc_hd__and4bb                                       │ 1            │
│ sky130_fd_sc_hd__buf                                          │ 11           │
│ sky130_fd_sc_hd__clkbuf                                       │ 7            │
│ sky130_fd_sc_hd__decap                                        │ 88           │
│ sky130_fd_sc_hd__dfrtp                                        │ 14           │
│ sky130_fd_sc_hd__dfstp                                        │ 2            │
│ sky130_fd_sc_hd__dlxtp                                        │ 1            │
│ sky130_fd_sc_hd__dlymetal6s2s                                 │ 1            │
│ sky130_fd_sc_hd__fill                                         │ 44           │
│ sky130_fd_sc_hd__inv                                          │ 7            │
│ sky130_fd_sc_hd__mux2                                         │ 7            │
│ sky130_fd_sc_hd__nand2                                        │ 4            │
│ sky130_fd_sc_hd__nand2b                                       │ 1            │
│ sky130_fd_sc_hd__nand3                                        │ 1            │
│ sky130_fd_sc_hd__nor2                                         │ 3            │
│ sky130_fd_sc_hd__nor3                                         │ 1            │
│ sky130_fd_sc_hd__o2111a                                       │ 1            │
│ sky130_fd_sc_hd__o211a                                        │ 2            │
│ sky130_fd_sc_hd__o21ai                                        │ 2            │
│ sky130_fd_sc_hd__o21bai                                       │ 1            │
│ sky130_fd_sc_hd__o221a                                        │ 1            │
│ sky130_fd_sc_hd__o2bb2a                                       │ 1            │
│ sky130_fd_sc_hd__o31a                                         │ 2            │
│ sky130_fd_sc_hd__or2                                          │ 4            │
│ sky130_fd_sc_hd__or3                                          │ 5            │
│ sky130_fd_sc_hd__or3b                                         │ 3            │
│ sky130_fd_sc_hd__or4                                          │ 2            │
│ sky130_fd_sc_hd__tapvpwrvgnd                                  │ 30           │
│ sky130_fd_sc_hd__xnor2                                        │ 5            │
│ sky130_fd_sc_hd__xor2                                         │ 9            │
└───────────────────────────────────────────────────────────────┴──────────────┘
                                  Cells by SCL                                  
┏━━━━━━━━━━━━━━━━━━━━━━━━━━━━━━━━━━━━━━━━━━━━━━━━━━━━━━━┳━━━━━━━━━━━━━━━━━━━━━━┓
┃ SCL                                                   ┃ Count                ┃
┡━━━━━━━━━━━━━━━━━━━━━━━━━━━━━━━━━━━━━━━━━━━━━━━━━━━━━━━╇━━━━━━━━━━━━━━━━━━━━━━┩
│ sky130_ef_sc_hd                                       │ 44                   │
│ sky130_fd_sc_hd                                       │ 279                  │
└───────────────────────────────────────────────────────┴──────────────────────┘
                             Buffers by Cell Master                             
┏━━━━━━━━━━━━━━━━━━━━━━━━━━━━━━━━━━━━━━━━━━━━━━━━━━━━━━━━━━━━━━━━┳━━━━━━━━━━━━━┓
┃ Buffer                                                         ┃ Count       ┃
┡━━━━━━━━━━━━━━━━━━━━━━━━━━━━━━━━━━━━━━━━━━━━━━━━━━━━━━━━━━━━━━━━╇━━━━━━━━━━━━━┩
│ sky130_fd_sc_hd__buf_1                                         │ 4           │
│ sky130_fd_sc_hd__buf_2                                         │ 6           │
│ sky130_fd_sc_hd__buf_6                                         │ 1           │
│ sky130_fd_sc_hd__clkbuf_1                                      │ 5           │
│ sky130_fd_sc_hd__clkbuf_2                                      │ 1           │
│ sky130_fd_sc_hd__clkbuf_4                                      │ 1           │
│ sky130_fd_sc_hd__dlymetal6s2s_1                                │ 1           │
└────────────────────────────────────────────────────────────────┴─────────────┘
