Reading OpenROAD database at '/home/nakanomiku/DigitalDesign/pm32/runs/RUN_2024-10-23_17-42-47/18-openroad-tapendcapinsertion/pm32.odb'…
Reading library file at '/home/nakanomiku/.volare/volare/sky130/versions/0fe599b2afb6708d281543108caf8310912f54af/sky130A/libs.ref/sky130_fd_sc_hd/lib/sky130_fd_sc_hd__tt_025C_1v80.lib'…
Reading design constraints file at '/nix/store/mr1ix0gwjfwmikfqyrq536nwhj83f0zp-python3-3.11.9-env/lib/python3.11/site-packages/openlane/scripts/base.sdc'…
[INFO] Using clock clk…
[INFO] Setting output delay to: 5
[INFO] Setting input delay to: 5
[INFO] Setting load to: 0.033442
[INFO] Setting clock uncertainty to: 0.25
[INFO] Setting clock transition to: 0.1499999999999999944488848768742172978818416595458984375
[INFO] Setting timing derate to: 5%
[INFO] Setting global connections...
[INFO PDN-0001] Inserting grid: stdcell_grid
Setting global connections for newly added cells…
[INFO] Setting global connections...
Updating metrics…
Cell type report:                       Count       Area
  Fill cell                                92     345.33
  Tap cell                                216     270.26
  Inverter                                164     615.59
  Sequential cell                         170    4426.75
  Multi-Input combinational cell          348    3036.66
  Total                                   990    8694.59
Writing OpenROAD database to '/home/nakanomiku/DigitalDesign/pm32/runs/RUN_2024-10-23_17-42-47/20-openroad-generatepdn/pm32.odb'…
Writing netlist to '/home/nakanomiku/DigitalDesign/pm32/runs/RUN_2024-10-23_17-42-47/20-openroad-generatepdn/pm32.nl.v'…
Writing powered netlist to '/home/nakanomiku/DigitalDesign/pm32/runs/RUN_2024-10-23_17-42-47/20-openroad-generatepdn/pm32.pnl.v'…
Writing layout to '/home/nakanomiku/DigitalDesign/pm32/runs/RUN_2024-10-23_17-42-47/20-openroad-generatepdn/pm32.def'…
Writing timing constraints to '/home/nakanomiku/DigitalDesign/pm32/runs/RUN_2024-10-23_17-42-47/20-openroad-generatepdn/pm32.sdc'…
[INFO PSM-0040] All shapes on net VPWR are connected.
[INFO PSM-0040] All shapes on net VGND are connected.
