Clock: clk
Sources: 
Generated: no
Virtual: yes
Propagated: no
Period: 5.000000

===========================================================================
report_clock_properties
============================================================================
Clock                   Period          Waveform
----------------------------------------------------
clk                   5.000000    0.000000  2.500000

===========================================================================
report_clock_latency
============================================================================
Clock clk
rise -> rise
    min     max
0.000000 0.000000 source latency
1.092049         network latency _161_/CLK
        1.470635 network latency _174_/GATE
---------------
1.092049 1.470635 latency
        0.378587 skew

rise -> fall
    min     max
0.000000 0.000000 source latency
1.047720         network latency _158_/CLK
        1.422881 network latency _160_/CLK
---------------
1.047720 1.422881 latency
        0.375161 skew



===========================================================================
report_clock_min_period
============================================================================
clk period_min = 0.00 fmax = inf
