
===========================================================================
report_checks -path_delay max (Setup)
============================================================================
======================= nom_tt_025C_1v80 Corner ===================================

Startpoint: div_i[1] (input port clocked by clk)
Endpoint: div_ready_o (output port clocked by clk)
Path Group: clk
Path Type: max

Fanout         Cap        Slew       Delay        Time   Description
---------------------------------------------------------------------------------------------
                      0.000000    0.000000    0.000000   clock clk (rise edge)
                                  0.000000    0.000000   clock network delay (ideal)
                                  1.000000    1.000000 ^ input external delay
     3    0.015058    0.075325    0.050061    1.050061 ^ div_i[1] (in)
                                                         div_i[1] (net)
                      0.075325    0.000000    1.050061 ^ _097_/A (sky130_fd_sc_hd__nor3_2)
     2    0.003126    0.031238    0.047026    1.097088 v _097_/Y (sky130_fd_sc_hd__nor3_2)
                                                         _054_ (net)
                      0.031238    0.000000    1.097088 v _098_/B (sky130_fd_sc_hd__or2_2)
     3    0.011447    0.081460    0.302630    1.399717 v _098_/X (sky130_fd_sc_hd__or2_2)
                                                         _055_ (net)
                      0.081460    0.000000    1.399717 v _099_/B (sky130_fd_sc_hd__xor2_2)
     1    0.001261    0.048847    0.141052    1.540769 v _099_/X (sky130_fd_sc_hd__xor2_2)
                                                         _056_ (net)
                      0.048847    0.000000    1.540769 v _100_/D (sky130_fd_sc_hd__or4_2)
     3    0.010584    0.133891    0.587036    2.127805 v _100_/X (sky130_fd_sc_hd__or4_2)
                                                         _057_ (net)
                      0.133891    0.000000    2.127805 v _115_/A1 (sky130_fd_sc_hd__o21bai_2)
     1    0.033442    0.399070    0.385367    2.513172 ^ _115_/Y (sky130_fd_sc_hd__o21bai_2)
                                                         div_ready_o (net)
                      0.399070    0.000000    2.513172 ^ div_ready_o (out)
                                              2.513172   data arrival time

                      0.000000    5.000000    5.000000   clock clk (rise edge)
                                  0.000000    5.000000   clock network delay (ideal)
                                 -0.250000    4.750000   clock uncertainty
                                  0.000000    4.750000   clock reconvergence pessimism
                                 -1.000000    3.750000   output external delay
                                              3.750000   data required time
---------------------------------------------------------------------------------------------
                                              3.750000   data required time
                                             -2.513172   data arrival time
---------------------------------------------------------------------------------------------
                                              1.236828   slack (MET)


Startpoint: test_mode_en_i (input port clocked by clk)
Endpoint: clk_o (output port clocked by clk)
Path Group: clk
Path Type: max

Fanout         Cap        Slew       Delay        Time   Description
---------------------------------------------------------------------------------------------
                      0.000000    0.000000    0.000000   clock clk (rise edge)
                                  0.000000    0.000000   clock network delay (ideal)
                                  1.000000    1.000000 v input external delay
     2    0.005551    0.015239    0.008959    1.008958 v test_mode_en_i (in)
                                                         test_mode_en_i (net)
                      0.015239    0.000000    1.008958 v _117_/B (sky130_fd_sc_hd__nor2_2)
     1    0.003520    0.069494    0.065401    1.074360 ^ _117_/Y (sky130_fd_sc_hd__nor2_2)
                                                         _070_ (net)
                      0.069494    0.000000    1.074360 ^ _120_/S (sky130_fd_sc_hd__mux2_1)
     3    0.007400    0.080051    0.348522    1.422881 v _120_/X (sky130_fd_sc_hd__mux2_1)
                                                         _002_ (net)
                      0.080051    0.000000    1.422881 v _122_/B (sky130_fd_sc_hd__and2_2)
     1    0.033442    0.101846    0.276140    1.699021 v _122_/X (sky130_fd_sc_hd__and2_2)
                                                         clk_o (net)
                      0.101846    0.000000    1.699021 v clk_o (out)
                                              1.699021   data arrival time

                      0.000000    5.000000    5.000000   clock clk (rise edge)
                                  0.000000    5.000000   clock network delay (ideal)
                                 -0.250000    4.750000   clock uncertainty
                                  0.000000    4.750000   clock reconvergence pessimism
                                 -1.000000    3.750000   output external delay
                                              3.750000   data required time
---------------------------------------------------------------------------------------------
                                              3.750000   data required time
                                             -1.699021   data arrival time
---------------------------------------------------------------------------------------------
                                              2.050979   slack (MET)



