
===========================================================================
report_checks -path_delay min (Hold)
============================================================================
======================= nom_tt_025C_1v80 Corner ===================================

Startpoint: div_valid_i (input port clocked by clk)
Endpoint: div_ready_o (output port clocked by clk)
Path Group: clk
Path Type: min

Fanout         Cap        Slew       Delay        Time   Description
---------------------------------------------------------------------------------------------
                      0.000000    0.000000    0.000000   clock clk (rise edge)
                                  0.000000    0.000000   clock network delay (ideal)
                                  1.000000    1.000000 v input external delay
     4    0.009449    0.023692    0.015270    1.015270 v div_valid_i (in)
                                                         div_valid_i (net)
                      0.023692    0.000000    1.015270 v _101_/C_N (sky130_fd_sc_hd__or3b_2)
     1    0.004715    0.041886    0.181698    1.196968 ^ _101_/X (sky130_fd_sc_hd__or3b_2)
                                                         _058_ (net)
                      0.041886    0.000000    1.196968 ^ _115_/A2 (sky130_fd_sc_hd__o21bai_2)
     1    0.033442    0.142643    0.139372    1.336339 v _115_/Y (sky130_fd_sc_hd__o21bai_2)
                                                         div_ready_o (net)
                      0.142643    0.000000    1.336339 v div_ready_o (out)
                                              1.336339   data arrival time

                      0.000000    0.000000    0.000000   clock clk (rise edge)
                                  0.000000    0.000000   clock network delay (ideal)
                                  0.250000    0.250000   clock uncertainty
                                  0.000000    0.250000   clock reconvergence pessimism
                                 -1.000000   -0.750000   output external delay
                                             -0.750000   data required time
---------------------------------------------------------------------------------------------
                                             -0.750000   data required time
                                             -1.336339   data arrival time
---------------------------------------------------------------------------------------------
                                              2.086339   slack (MET)


Startpoint: test_mode_en_i (input port clocked by clk)
Endpoint: clk_o (output port clocked by clk)
Path Group: clk
Path Type: min

Fanout         Cap        Slew       Delay        Time   Description
---------------------------------------------------------------------------------------------
                      0.000000    0.000000    0.000000   clock clk (rise edge)
                                  0.000000    0.000000   clock network delay (ideal)
                                  1.000000    1.000000 v input external delay
     2    0.005551    0.015239    0.008959    1.008958 v test_mode_en_i (in)
                                                         test_mode_en_i (net)
                      0.015239    0.000000    1.008958 v _117_/B (sky130_fd_sc_hd__nor2_2)
     1    0.003520    0.069362    0.065401    1.074360 ^ _117_/Y (sky130_fd_sc_hd__nor2_2)
                                                         _070_ (net)
                      0.069362    0.000000    1.074360 ^ _120_/S (sky130_fd_sc_hd__mux2_1)
     3    0.008053    0.084864    0.164504    1.238864 ^ _120_/X (sky130_fd_sc_hd__mux2_1)
                                                         _002_ (net)
                      0.084864    0.000000    1.238864 ^ _122_/B (sky130_fd_sc_hd__and2_2)
     1    0.033442    0.180554    0.254119    1.492982 ^ _122_/X (sky130_fd_sc_hd__and2_2)
                                                         clk_o (net)
                      0.180554    0.000000    1.492982 ^ clk_o (out)
                                              1.492982   data arrival time

                      0.000000    0.000000    0.000000   clock clk (rise edge)
                                  0.000000    0.000000   clock network delay (ideal)
                                  0.250000    0.250000   clock uncertainty
                                  0.000000    0.250000   clock reconvergence pessimism
                                 -1.000000   -0.750000   output external delay
                                             -0.750000   data required time
---------------------------------------------------------------------------------------------
                                             -0.750000   data required time
                                             -1.492982   data arrival time
---------------------------------------------------------------------------------------------
                                              2.242982   slack (MET)



