Clock: clk
Sources: 
Generated: no
Virtual: yes
Propagated: no
Period: 5.000000

===========================================================================
report_clock_properties
============================================================================
Clock                   Period          Waveform
----------------------------------------------------
clk                   5.000000    0.000000  2.500000

===========================================================================
report_clock_latency
============================================================================
Clock clk
rise -> rise
    min     max
0.000000 0.000000 source latency
1.064203         network latency _161_/CLK
        1.291462 network latency _174_/GATE
---------------
1.064203 1.291462 latency
        0.227259 skew

rise -> fall
    min     max
0.000000 0.000000 source latency
1.033305         network latency _158_/CLK
        1.258132 network latency _160_/CLK
---------------
1.033305 1.258132 latency
        0.224827 skew



===========================================================================
report_clock_min_period
============================================================================
clk period_min = 0.00 fmax = inf
