Clock: clk
Sources: 
Generated: no
Virtual: yes
Propagated: no
Period: 5.000000

===========================================================================
report_clock_properties
============================================================================
Clock                   Period          Waveform
----------------------------------------------------
clk                   5.000000    0.000000  2.500000

===========================================================================
report_clock_latency
============================================================================
Clock clk
rise -> rise
    min     max
0.000000 0.000000 source latency
1.303479         network latency _164_/CLK
        1.636697 network latency _174_/GATE
---------------
1.303479 1.636697 latency
        0.333218 skew

rise -> fall
    min     max
0.000000 0.000000 source latency
1.258071         network latency _169_/CLK
        1.586848 network latency _160_/CLK
---------------
1.258071 1.586848 latency
        0.328777 skew



===========================================================================
report_clock_min_period
============================================================================
clk period_min = 0.00 fmax = inf
