64. Printing statistics.

=== clk_int_div ===

   Number of wires:                101
   Number of wire bits:            107
   Number of public wires:          24
   Number of public wire bits:      30
   Number of ports:                  9
   Number of port bits:             15
   Number of memories:               0
   Number of memory bits:            0
   Number of processes:              0
   Number of cells:                 98
     sky130_fd_sc_hd__a211oi_2       3
     sky130_fd_sc_hd__a21oi_2        5
     sky130_fd_sc_hd__a22o_2         1
     sky130_fd_sc_hd__a22oi_2        1
     sky130_fd_sc_hd__a41o_2         1
     sky130_fd_sc_hd__and2_2         2
     sky130_fd_sc_hd__and2b_2        2
     sky130_fd_sc_hd__and3_2         2
     sky130_fd_sc_hd__and3b_2        1
     sky130_fd_sc_hd__and4bb_2       1
     sky130_fd_sc_hd__dfrtp_2       14
     sky130_fd_sc_hd__dfstp_2        2
     sky130_fd_sc_hd__dlxtp_1        1
     sky130_fd_sc_hd__inv_2          7
     sky130_fd_sc_hd__mux2_1         7
     sky130_fd_sc_hd__nand2_2        4
     sky130_fd_sc_hd__nand2b_2       1
     sky130_fd_sc_hd__nand3_2        1
     sky130_fd_sc_hd__nor2_2         3
     sky130_fd_sc_hd__nor3_2         1
     sky130_fd_sc_hd__o2111a_2       1
     sky130_fd_sc_hd__o211a_2        2
     sky130_fd_sc_hd__o21ai_2        2
     sky130_fd_sc_hd__o21bai_2       1
     sky130_fd_sc_hd__o221a_2        1
     sky130_fd_sc_hd__o2bb2a_2       1
     sky130_fd_sc_hd__o31a_2         2
     sky130_fd_sc_hd__or2_2          4
     sky130_fd_sc_hd__or3_2          5
     sky130_fd_sc_hd__or3b_2         3
     sky130_fd_sc_hd__or4_2          2
     sky130_fd_sc_hd__xnor2_2        5
     sky130_fd_sc_hd__xor2_2         9

   Chip area for module '\clk_int_div': 1236.185600
     of which used for sequential elements: 420.403200 (34.01%)

