Clock: clk
Sources: 
Generated: no
Virtual: yes
Propagated: no
Period: 5.000000

===========================================================================
report_clock_properties
============================================================================
Clock                   Period          Waveform
----------------------------------------------------
clk                   5.000000    0.000000  2.500000

===========================================================================
report_clock_latency
============================================================================
Clock clk
rise -> rise
    min     max
0.000000 0.000000 source latency
1.222022         network latency _161_/CLK
        1.404418 network latency _174_/GATE
---------------
1.222022 1.404418 latency
        0.182396 skew

rise -> fall
    min     max
0.000000 0.000000 source latency
1.182350         network latency _169_/CLK
        1.380598 network latency _174_/GATE
---------------
1.182350 1.380598 latency
        0.198248 skew



===========================================================================
report_clock_min_period
============================================================================
clk period_min = 0.00 fmax = inf
