
===========================================================================
report_checks -path_delay min (Hold)
============================================================================
======================= nom_ff_n40C_1v95 Corner ===================================

Startpoint: div_valid_i (input port clocked by clk)
Endpoint: div_ready_o (output port clocked by clk)
Path Group: clk
Path Type: min

Fanout         Cap        Slew       Delay        Time   Description
---------------------------------------------------------------------------------------------
                      0.000000    0.000000    0.000000   clock clk (rise edge)
                                  0.000000    0.000000   clock network delay (ideal)
                                  1.000000    1.000000 v input external delay
     1    0.003072    0.005116    0.002520    1.002520 v div_valid_i (in)
                                                         div_valid_i (net)
                      0.005116    0.000000    1.002520 v input6/A (sky130_fd_sc_hd__buf_1)
     4    0.010575    0.045883    0.071042    1.073562 v input6/X (sky130_fd_sc_hd__buf_1)
                                                         net6 (net)
                      0.045883    0.000117    1.073679 v _101_/C_N (sky130_fd_sc_hd__or3b_1)
     1    0.009591    0.071719    0.140501    1.214180 ^ _101_/X (sky130_fd_sc_hd__or3b_1)
                                                         _058_ (net)
                      0.071719    0.000289    1.214469 ^ _115_/A2 (sky130_fd_sc_hd__o21bai_4)
     1    0.005661    0.023731    0.033532    1.248001 v _115_/Y (sky130_fd_sc_hd__o21bai_4)
                                                         net15 (net)
                      0.023732    0.000191    1.248191 v output15/A (sky130_fd_sc_hd__buf_6)
     1    0.034552    0.032285    0.087581    1.335772 v output15/X (sky130_fd_sc_hd__buf_6)
                                                         div_ready_o (net)
                      0.032307    0.000747    1.336519 v div_ready_o (out)
                                              1.336519   data arrival time

                      0.000000    0.000000    0.000000   clock clk (rise edge)
                                  0.000000    0.000000   clock network delay (ideal)
                                  0.250000    0.250000   clock uncertainty
                                  0.000000    0.250000   clock reconvergence pessimism
                                 -1.000000   -0.750000   output external delay
                                             -0.750000   data required time
---------------------------------------------------------------------------------------------
                                             -0.750000   data required time
                                             -1.336519   data arrival time
---------------------------------------------------------------------------------------------
                                              2.086519   slack (MET)


Startpoint: test_mode_en_i (input port clocked by clk)
Endpoint: clk_o (output port clocked by clk)
Path Group: clk
Path Type: min

Fanout         Cap        Slew       Delay        Time   Description
---------------------------------------------------------------------------------------------
                      0.000000    0.000000    0.000000   clock clk (rise edge)
                                  0.000000    0.000000   clock network delay (ideal)
                                  1.000000    1.000000 v input external delay
     1    0.002908    0.004879    0.002375    1.002375 v test_mode_en_i (in)
                                                         test_mode_en_i (net)
                      0.004879    0.000000    1.002375 v input9/A (sky130_fd_sc_hd__clkbuf_1)
     2    0.004719    0.024999    0.052979    1.055354 v input9/X (sky130_fd_sc_hd__clkbuf_1)
                                                         net9 (net)
                      0.024999    0.000116    1.055471 v _117_/B (sky130_fd_sc_hd__nor2_1)
     1    0.004367    0.070977    0.066453    1.121923 ^ _117_/Y (sky130_fd_sc_hd__nor2_1)
                                                         _070_ (net)
                      0.070977    0.000095    1.122018 ^ _120_/S (sky130_fd_sc_hd__mux2_1)
     3    0.010252    0.074112    0.120816    1.242834 ^ _120_/X (sky130_fd_sc_hd__mux2_1)
                                                         _002_ (net)
                      0.074112    0.000164    1.242998 ^ _122_/B (sky130_fd_sc_hd__and2_1)
     1    0.001955    0.027294    0.075980    1.318978 ^ _122_/X (sky130_fd_sc_hd__and2_1)
                                                         net10 (net)
                      0.027294    0.000037    1.319015 ^ output10/A (sky130_fd_sc_hd__buf_2)
     1    0.034676    0.129735    0.137013    1.456027 ^ output10/X (sky130_fd_sc_hd__buf_2)
                                                         clk_o (net)
                      0.129742    0.000794    1.456821 ^ clk_o (out)
                                              1.456821   data arrival time

                      0.000000    0.000000    0.000000   clock clk (rise edge)
                                  0.000000    0.000000   clock network delay (ideal)
                                  0.250000    0.250000   clock uncertainty
                                  0.000000    0.250000   clock reconvergence pessimism
                                 -1.000000   -0.750000   output external delay
                                             -0.750000   data required time
---------------------------------------------------------------------------------------------
                                             -0.750000   data required time
                                             -1.456821   data arrival time
---------------------------------------------------------------------------------------------
                                              2.206821   slack (MET)



