Clock: clk
Sources: 
Generated: no
Virtual: yes
Propagated: no
Period: 5.000000

===========================================================================
report_clock_properties
============================================================================
Clock                   Period          Waveform
----------------------------------------------------
clk                   5.000000    0.000000  2.500000

===========================================================================
report_clock_latency
============================================================================
Clock clk
rise -> rise
    min     max
0.000000 0.000000 source latency
1.227396         network latency _161_/CLK
        1.411371 network latency _174_/GATE
---------------
1.227396 1.411371 latency
        0.183975 skew

rise -> fall
    min     max
0.000000 0.000000 source latency
1.184590         network latency _169_/CLK
        1.389455 network latency _174_/GATE
---------------
1.184590 1.389455 latency
        0.204865 skew



===========================================================================
report_clock_min_period
============================================================================
clk period_min = 0.00 fmax = inf
