Clock: clk
Sources: 
Generated: no
Virtual: yes
Propagated: no
Period: 5.000000

===========================================================================
report_clock_properties
============================================================================
Clock                   Period          Waveform
----------------------------------------------------
clk                   5.000000    0.000000  2.500000

===========================================================================
report_clock_latency
============================================================================
Clock clk
rise -> rise
    min     max
0.000000 0.000000 source latency
1.325524         network latency _161_/CLK
        1.658012 network latency _174_/GATE
---------------
1.325524 1.658012 latency
        0.332488 skew

rise -> fall
    min     max
0.000000 0.000000 source latency
1.269809         network latency _168_/CLK
        1.605987 network latency _160_/CLK
---------------
1.269809 1.605987 latency
        0.336178 skew



===========================================================================
report_clock_min_period
============================================================================
clk period_min = 0.00 fmax = inf
