
===========================================================================
report_checks -path_delay min (Hold)
============================================================================
======================= nom_tt_025C_1v80 Corner ===================================

Startpoint: div_valid_i (input port clocked by clk)
Endpoint: div_ready_o (output port clocked by clk)
Path Group: clk
Path Type: min

Fanout         Cap        Slew       Delay        Time   Description
---------------------------------------------------------------------------------------------
                      0.000000    0.000000    0.000000   clock clk (rise edge)
                                  0.000000    0.000000   clock network delay (ideal)
                                  1.000000    1.000000 v input external delay
     1    0.003389    0.010001    0.005439    1.005439 v div_valid_i (in)
                                                         div_valid_i (net)
                      0.010001    0.000000    1.005439 v input6/A (sky130_fd_sc_hd__buf_1)
     4    0.010259    0.065883    0.106500    1.111939 v input6/X (sky130_fd_sc_hd__buf_1)
                                                         net6 (net)
                      0.065883    0.000150    1.112089 v _101_/C_N (sky130_fd_sc_hd__or3b_1)
     1    0.009774    0.096968    0.208044    1.320133 ^ _101_/X (sky130_fd_sc_hd__or3b_1)
                                                         _058_ (net)
                      0.096968    0.000241    1.320374 ^ _115_/A2 (sky130_fd_sc_hd__o21bai_4)
     1    0.005535    0.032094    0.060429    1.380803 v _115_/Y (sky130_fd_sc_hd__o21bai_4)
                                                         net15 (net)
                      0.032094    0.000199    1.381002 v output15/A (sky130_fd_sc_hd__buf_6)
     1    0.034348    0.043779    0.130835    1.511837 v output15/X (sky130_fd_sc_hd__buf_6)
                                                         div_ready_o (net)
                      0.043805    0.000965    1.512802 v div_ready_o (out)
                                              1.512802   data arrival time

                      0.000000    0.000000    0.000000   clock clk (rise edge)
                                  0.000000    0.000000   clock network delay (ideal)
                                  0.250000    0.250000   clock uncertainty
                                  0.000000    0.250000   clock reconvergence pessimism
                                 -1.000000   -0.750000   output external delay
                                             -0.750000   data required time
---------------------------------------------------------------------------------------------
                                             -0.750000   data required time
                                             -1.512802   data arrival time
---------------------------------------------------------------------------------------------
                                              2.262802   slack (MET)


Startpoint: test_mode_en_i (input port clocked by clk)
Endpoint: clk_o (output port clocked by clk)
Path Group: clk
Path Type: min

Fanout         Cap        Slew       Delay        Time   Description
---------------------------------------------------------------------------------------------
                      0.000000    0.000000    0.000000   clock clk (rise edge)
                                  0.000000    0.000000   clock network delay (ideal)
                                  1.000000    1.000000 v input external delay
     1    0.003112    0.009355    0.004968    1.004968 v test_mode_en_i (in)
                                                         test_mode_en_i (net)
                      0.009356    0.000000    1.004968 v input9/A (sky130_fd_sc_hd__clkbuf_1)
     2    0.005631    0.041289    0.085772    1.090740 v input9/X (sky130_fd_sc_hd__clkbuf_1)
                                                         net9 (net)
                      0.041289    0.000167    1.090907 v _117_/B (sky130_fd_sc_hd__nor2_1)
     1    0.004615    0.104798    0.102632    1.193539 ^ _117_/Y (sky130_fd_sc_hd__nor2_1)
                                                         _070_ (net)
                      0.104798    0.000122    1.193661 ^ _120_/S (sky130_fd_sc_hd__mux2_1)
     3    0.010003    0.098274    0.187128    1.380790 ^ _120_/X (sky130_fd_sc_hd__mux2_1)
                                                         _002_ (net)
                      0.098274    0.000176    1.380966 ^ _122_/B (sky130_fd_sc_hd__and2_1)
     1    0.002305    0.042017    0.126053    1.507019 ^ _122_/X (sky130_fd_sc_hd__and2_1)
                                                         net10 (net)
                      0.042017    0.000050    1.507069 ^ output10/A (sky130_fd_sc_hd__buf_2)
     1    0.034605    0.171766    0.197764    1.704833 ^ output10/X (sky130_fd_sc_hd__buf_2)
                                                         clk_o (net)
                      0.171821    0.000917    1.705750 ^ clk_o (out)
                                              1.705750   data arrival time

                      0.000000    0.000000    0.000000   clock clk (rise edge)
                                  0.000000    0.000000   clock network delay (ideal)
                                  0.250000    0.250000   clock uncertainty
                                  0.000000    0.250000   clock reconvergence pessimism
                                 -1.000000   -0.750000   output external delay
                                             -0.750000   data required time
---------------------------------------------------------------------------------------------
                                             -0.750000   data required time
                                             -1.705750   data arrival time
---------------------------------------------------------------------------------------------
                                              2.455750   slack (MET)



