Reading OpenROAD database at '/home/nakanomiku/DigitalDesign/clk_int_div/runs/RUN_2024-10-31_18-04-53/41-openroad-repairantennas/1-diodeinsertion/clk_int_div.odb'…
Reading library file at '/home/nakanomiku/.volare/volare/sky130/versions/0fe599b2afb6708d281543108caf8310912f54af/sky130A/libs.ref/sky130_fd_sc_hd/lib/sky130_fd_sc_hd__tt_025C_1v80.lib'…
Reading design constraints file at '/nix/store/mr1ix0gwjfwmikfqyrq536nwhj83f0zp-python3-3.11.9-env/lib/python3.11/site-packages/openlane/scripts/base.sdc'…
[WARNING STA-0366] port 'clk' not found.
[INFO] Using clock clk…
[INFO] Setting output delay to: 1
[INFO] Setting input delay to: 1
[WARNING STA-0366] port 'clk' not found.
[INFO] Setting load to: 0.033442
[INFO] Setting clock uncertainty to: 0.25
[INFO] Setting clock transition to: 0.1499999999999999944488848768742172978818416595458984375
[WARNING STA-0419] transition time can not be specified for virtual clocks.
[INFO] Setting timing derate to: 5%
[WARNING STA-0450] virtual clock clk can not be propagated.
[INFO] Setting RC values…
%OL_CREATE_REPORT min.rpt

===========================================================================
report_checks -path_delay min (Hold)
============================================================================
======================= nom_tt_025C_1v80 Corner ===================================

Startpoint: div_valid_i (input port clocked by clk)
Endpoint: div_ready_o (output port clocked by clk)
Path Group: clk
Path Type: min

Fanout         Cap        Slew       Delay        Time   Description
---------------------------------------------------------------------------------------------
                      0.000000    0.000000    0.000000   clock clk (rise edge)
                                  0.000000    0.000000   clock network delay (ideal)
                                  1.000000    1.000000 v input external delay
     1    0.003389    0.010001    0.005439    1.005439 v div_valid_i (in)
                                                         div_valid_i (net)
                      0.010001    0.000000    1.005439 v input6/A (sky130_fd_sc_hd__buf_1)
     4    0.010259    0.065883    0.106500    1.111939 v input6/X (sky130_fd_sc_hd__buf_1)
                                                         net6 (net)
                      0.065883    0.000150    1.112089 v _101_/C_N (sky130_fd_sc_hd__or3b_1)
     1    0.009774    0.096968    0.208044    1.320133 ^ _101_/X (sky130_fd_sc_hd__or3b_1)
                                                         _058_ (net)
                      0.096968    0.000241    1.320374 ^ _115_/A2 (sky130_fd_sc_hd__o21bai_4)
     1    0.005535    0.032094    0.060429    1.380803 v _115_/Y (sky130_fd_sc_hd__o21bai_4)
                                                         net15 (net)
                      0.032094    0.000199    1.381002 v output15/A (sky130_fd_sc_hd__buf_6)
     1    0.034348    0.043779    0.130835    1.511837 v output15/X (sky130_fd_sc_hd__buf_6)
                                                         div_ready_o (net)
                      0.043805    0.000965    1.512802 v div_ready_o (out)
                                              1.512802   data arrival time

                      0.000000    0.000000    0.000000   clock clk (rise edge)
                                  0.000000    0.000000   clock network delay (ideal)
                                  0.250000    0.250000   clock uncertainty
                                  0.000000    0.250000   clock reconvergence pessimism
                                 -1.000000   -0.750000   output external delay
                                             -0.750000   data required time
---------------------------------------------------------------------------------------------
                                             -0.750000   data required time
                                             -1.512802   data arrival time
---------------------------------------------------------------------------------------------
                                              2.262802   slack (MET)


Startpoint: test_mode_en_i (input port clocked by clk)
Endpoint: clk_o (output port clocked by clk)
Path Group: clk
Path Type: min

Fanout         Cap        Slew       Delay        Time   Description
---------------------------------------------------------------------------------------------
                      0.000000    0.000000    0.000000   clock clk (rise edge)
                                  0.000000    0.000000   clock network delay (ideal)
                                  1.000000    1.000000 v input external delay
     1    0.003112    0.009355    0.004968    1.004968 v test_mode_en_i (in)
                                                         test_mode_en_i (net)
                      0.009356    0.000000    1.004968 v input9/A (sky130_fd_sc_hd__clkbuf_1)
     2    0.005631    0.041289    0.085772    1.090740 v input9/X (sky130_fd_sc_hd__clkbuf_1)
                                                         net9 (net)
                      0.041289    0.000167    1.090907 v _117_/B (sky130_fd_sc_hd__nor2_1)
     1    0.004615    0.104798    0.102632    1.193539 ^ _117_/Y (sky130_fd_sc_hd__nor2_1)
                                                         _070_ (net)
                      0.104798    0.000122    1.193661 ^ _120_/S (sky130_fd_sc_hd__mux2_1)
     3    0.010003    0.098274    0.187128    1.380790 ^ _120_/X (sky130_fd_sc_hd__mux2_1)
                                                         _002_ (net)
                      0.098274    0.000176    1.380966 ^ _122_/B (sky130_fd_sc_hd__and2_1)
     1    0.002305    0.042017    0.126053    1.507019 ^ _122_/X (sky130_fd_sc_hd__and2_1)
                                                         net10 (net)
                      0.042017    0.000050    1.507069 ^ output10/A (sky130_fd_sc_hd__buf_2)
     1    0.034605    0.171766    0.197764    1.704833 ^ output10/X (sky130_fd_sc_hd__buf_2)
                                                         clk_o (net)
                      0.171821    0.000917    1.705750 ^ clk_o (out)
                                              1.705750   data arrival time

                      0.000000    0.000000    0.000000   clock clk (rise edge)
                                  0.000000    0.000000   clock network delay (ideal)
                                  0.250000    0.250000   clock uncertainty
                                  0.000000    0.250000   clock reconvergence pessimism
                                 -1.000000   -0.750000   output external delay
                                             -0.750000   data required time
---------------------------------------------------------------------------------------------
                                             -0.750000   data required time
                                             -1.705750   data arrival time
---------------------------------------------------------------------------------------------
                                              2.455750   slack (MET)



%OL_END_REPORT
%OL_CREATE_REPORT max.rpt

===========================================================================
report_checks -path_delay max (Setup)
============================================================================
======================= nom_tt_025C_1v80 Corner ===================================

Startpoint: div_i[1] (input port clocked by clk)
Endpoint: div_ready_o (output port clocked by clk)
Path Group: clk
Path Type: max

Fanout         Cap        Slew       Delay        Time   Description
---------------------------------------------------------------------------------------------
                      0.000000    0.000000    0.000000   clock clk (rise edge)
                                  0.000000    0.000000   clock network delay (ideal)
                                  1.000000    1.000000 ^ input external delay
     1    0.003493    0.022736    0.012757    1.012757 ^ div_i[1] (in)
                                                         div_i[1] (net)
                      0.022743    0.000000    1.012757 ^ input3/A (sky130_fd_sc_hd__buf_1)
     3    0.010558    0.130994    0.134316    1.147073 ^ input3/X (sky130_fd_sc_hd__buf_1)
                                                         net3 (net)
                      0.130995    0.000282    1.147355 ^ _097_/A (sky130_fd_sc_hd__nor3_1)
     2    0.004540    0.052525    0.081004    1.228360 v _097_/Y (sky130_fd_sc_hd__nor3_1)
                                                         _054_ (net)
                      0.052525    0.000076    1.228435 v _098_/B (sky130_fd_sc_hd__or2_1)
     3    0.010034    0.079542    0.246054    1.474489 v _098_/X (sky130_fd_sc_hd__or2_1)
                                                         _055_ (net)
                      0.079542    0.000249    1.474738 v _099_/B (sky130_fd_sc_hd__xor2_1)
     1    0.002909    0.055032    0.149382    1.624120 v _099_/X (sky130_fd_sc_hd__xor2_1)
                                                         _056_ (net)
                      0.055034    0.000068    1.624188 v _100_/D (sky130_fd_sc_hd__or4_4)
     3    0.016957    0.108968    0.456744    2.080932 v _100_/X (sky130_fd_sc_hd__or4_4)
                                                         _057_ (net)
                      0.108968    0.000683    2.081615 v _115_/A1 (sky130_fd_sc_hd__o21bai_4)
     1    0.006014    0.101292    0.157450    2.239065 ^ _115_/Y (sky130_fd_sc_hd__o21bai_4)
                                                         net15 (net)
                      0.101293    0.000218    2.239283 ^ output15/A (sky130_fd_sc_hd__buf_6)
     1    0.034348    0.076995    0.144060    2.383343 ^ output15/X (sky130_fd_sc_hd__buf_6)
                                                         div_ready_o (net)
                      0.077007    0.000965    2.384309 ^ div_ready_o (out)
                                              2.384309   data arrival time

                      0.000000    5.000000    5.000000   clock clk (rise edge)
                                  0.000000    5.000000   clock network delay (ideal)
                                 -0.250000    4.750000   clock uncertainty
                                  0.000000    4.750000   clock reconvergence pessimism
                                 -1.000000    3.750000   output external delay
                                              3.750000   data required time
---------------------------------------------------------------------------------------------
                                              3.750000   data required time
                                             -2.384309   data arrival time
---------------------------------------------------------------------------------------------
                                              1.365691   slack (MET)


Startpoint: clk_i (input port clocked by clk)
Endpoint: clk_o (output port clocked by clk)
Path Group: clk
Path Type: max

Fanout         Cap        Slew       Delay        Time   Description
---------------------------------------------------------------------------------------------
                      0.000000    0.000000    0.000000   clock clk (rise edge)
                                  0.000000    0.000000   clock network delay (ideal)
                                  1.000000    1.000000 v input external delay
     1    0.003344    0.009898    0.005364    1.005364 v clk_i (in)
                                                         clk_i (net)
                      0.009898    0.000000    1.005364 v input1/A (sky130_fd_sc_hd__clkbuf_1)
     2    0.006483    0.045894    0.089896    1.095260 v input1/X (sky130_fd_sc_hd__clkbuf_1)
                                                         net1 (net)
                      0.045894    0.000143    1.095403 v fanout18/A (sky130_fd_sc_hd__buf_2)
    10    0.030960    0.082625    0.173927    1.269330 v fanout18/X (sky130_fd_sc_hd__buf_2)
                                                         net18 (net)
                      0.082654    0.001462    1.270792 v _120_/A0 (sky130_fd_sc_hd__mux2_1)
     3    0.009343    0.086317    0.335060    1.605852 v _120_/X (sky130_fd_sc_hd__mux2_1)
                                                         _002_ (net)
                      0.086317    0.000164    1.606017 v _122_/B (sky130_fd_sc_hd__and2_1)
     1    0.002145    0.032333    0.164959    1.770976 v _122_/X (sky130_fd_sc_hd__and2_1)
                                                         net10 (net)
                      0.032333    0.000046    1.771022 v output10/A (sky130_fd_sc_hd__buf_2)
     1    0.034605    0.090443    0.175065    1.946087 v output10/X (sky130_fd_sc_hd__buf_2)
                                                         clk_o (net)
                      0.090453    0.000916    1.947004 v clk_o (out)
                                              1.947004   data arrival time

                      0.000000    5.000000    5.000000   clock clk (rise edge)
                                  0.000000    5.000000   clock network delay (ideal)
                                 -0.250000    4.750000   clock uncertainty
                                  0.000000    4.750000   clock reconvergence pessimism
                                 -1.000000    3.750000   output external delay
                                              3.750000   data required time
---------------------------------------------------------------------------------------------
                                              3.750000   data required time
                                             -1.947004   data arrival time
---------------------------------------------------------------------------------------------
                                              1.802996   slack (MET)



%OL_END_REPORT
%OL_CREATE_REPORT checks.rpt

===========================================================================
report_checks -unconstrained
===========================================================================
======================= nom_tt_025C_1v80 Corner ===================================

Startpoint: div_i[1] (input port clocked by clk)
Endpoint: div_ready_o (output port clocked by clk)
Path Group: clk
Path Type: max

Fanout         Cap        Slew       Delay        Time   Description
---------------------------------------------------------------------------------------------
                      0.000000    0.000000    0.000000   clock clk (rise edge)
                                  0.000000    0.000000   clock network delay (ideal)
                                  1.000000    1.000000 ^ input external delay
     1    0.003493    0.022736    0.012757    1.012757 ^ div_i[1] (in)
                                                         div_i[1] (net)
                      0.022743    0.000000    1.012757 ^ input3/A (sky130_fd_sc_hd__buf_1)
     3    0.010558    0.130994    0.134316    1.147073 ^ input3/X (sky130_fd_sc_hd__buf_1)
                                                         net3 (net)
                      0.130995    0.000282    1.147355 ^ _097_/A (sky130_fd_sc_hd__nor3_1)
     2    0.004540    0.052525    0.081004    1.228360 v _097_/Y (sky130_fd_sc_hd__nor3_1)
                                                         _054_ (net)
                      0.052525    0.000076    1.228435 v _098_/B (sky130_fd_sc_hd__or2_1)
     3    0.010034    0.079542    0.246054    1.474489 v _098_/X (sky130_fd_sc_hd__or2_1)
                                                         _055_ (net)
                      0.079542    0.000249    1.474738 v _099_/B (sky130_fd_sc_hd__xor2_1)
     1    0.002909    0.055032    0.149382    1.624120 v _099_/X (sky130_fd_sc_hd__xor2_1)
                                                         _056_ (net)
                      0.055034    0.000068    1.624188 v _100_/D (sky130_fd_sc_hd__or4_4)
     3    0.016957    0.108968    0.456744    2.080932 v _100_/X (sky130_fd_sc_hd__or4_4)
                                                         _057_ (net)
                      0.108968    0.000683    2.081615 v _115_/A1 (sky130_fd_sc_hd__o21bai_4)
     1    0.006014    0.101292    0.157450    2.239065 ^ _115_/Y (sky130_fd_sc_hd__o21bai_4)
                                                         net15 (net)
                      0.101293    0.000218    2.239283 ^ output15/A (sky130_fd_sc_hd__buf_6)
     1    0.034348    0.076995    0.144060    2.383343 ^ output15/X (sky130_fd_sc_hd__buf_6)
                                                         div_ready_o (net)
                      0.077007    0.000965    2.384309 ^ div_ready_o (out)
                                              2.384309   data arrival time

                      0.000000    5.000000    5.000000   clock clk (rise edge)
                                  0.000000    5.000000   clock network delay (ideal)
                                 -0.250000    4.750000   clock uncertainty
                                  0.000000    4.750000   clock reconvergence pessimism
                                 -1.000000    3.750000   output external delay
                                              3.750000   data required time
---------------------------------------------------------------------------------------------
                                              3.750000   data required time
                                             -2.384309   data arrival time
---------------------------------------------------------------------------------------------
                                              1.365691   slack (MET)




===========================================================================
report_checks --slack_max -0.01
============================================================================
======================= nom_tt_025C_1v80 Corner ===================================

No paths found.


===========================================================================
 report_check_types -max_slew -max_cap -max_fanout -violators
============================================================================
======================= nom_tt_025C_1v80 Corner ===================================



===========================================================================
report_parasitic_annotation -report_unannotated
============================================================================
Found 0 unannotated drivers.
Found 0 partially unannotated drivers.

===========================================================================
max slew violation count 0
Writing metric design__max_slew_violation__count__corner:nom_tt_025C_1v80: 0
max fanout violation count 0
Writing metric design__max_fanout_violation__count__corner:nom_tt_025C_1v80: 0
max cap violation count 0
Writing metric design__max_cap_violation__count__corner:nom_tt_025C_1v80: 0
============================================================================

===========================================================================
check_setup -verbose -unconstrained_endpoints -multiple_clock -no_clock -no_input_delay -loops -generated_clocks
===========================================================================
Warning: There are 17 unclocked register/latch pins.
  _158_/CLK
  _159_/CLK
  _160_/CLK
  _161_/CLK
  _162_/CLK
  _163_/CLK
  _164_/CLK
  _165_/CLK
  _166_/CLK
  _167_/CLK
  _168_/CLK
  _169_/CLK
  _170_/CLK
  _171_/CLK
  _172_/CLK
  _173_/CLK
  _174_/GATE
Warning: There are 21 unconstrained endpoints.
  cycl_count_o[0]
  cycl_count_o[1]
  cycl_count_o[2]
  cycl_count_o[3]
  _158_/D
  _159_/D
  _160_/D
  _161_/D
  _162_/D
  _163_/D
  _164_/D
  _165_/D
  _166_/D
  _167_/D
  _168_/D
  _169_/D
  _170_/D
  _171_/D
  _172_/D
  _173_/D
  _174_/D
%OL_END_REPORT
%OL_CREATE_REPORT power.rpt

===========================================================================
 report_power
============================================================================
======================= nom_tt_025C_1v80 Corner ===================================

Group                    Internal    Switching      Leakage        Total
                            Power        Power        Power        Power (Watts)
------------------------------------------------------------------------
Sequential           7.295253e-05 1.010490e-04 1.919193e-10 1.740017e-04  45.5%
Combinational        1.142371e-04 9.413802e-05 3.299189e-10 2.083754e-04  54.5%
Clock                0.000000e+00 0.000000e+00 1.166414e-10 1.166414e-10   0.0%
Macro                0.000000e+00 0.000000e+00 0.000000e+00 0.000000e+00   0.0%
Pad                  0.000000e+00 0.000000e+00 0.000000e+00 0.000000e+00   0.0%
------------------------------------------------------------------------
Total                1.871896e-04 1.951870e-04 6.384790e-10 3.823773e-04 100.0%
                            49.0%        51.0%         0.0%
Writing metric power__internal__total: 0.0001871896383818239
Writing metric power__switching__total: 0.0001951870071934536
Writing metric power__leakage__total: 6.384789918989497e-10
Writing metric power__total: 0.0003823773004114628

%OL_END_REPORT
%OL_CREATE_REPORT skew.min.rpt

===========================================================================
Clock Skew (Hold)
============================================================================
Writing metric clock__skew__worst_hold__corner:nom_tt_025C_1v80: 0.0
======================= nom_tt_025C_1v80 Corner ===================================

Clock clk
No launch/capture paths found.

%OL_END_REPORT
%OL_CREATE_REPORT skew.max.rpt

===========================================================================
Clock Skew (Setup)
============================================================================
Writing metric clock__skew__worst_setup__corner:nom_tt_025C_1v80: 0.0
======================= nom_tt_025C_1v80 Corner ===================================

Clock clk
No launch/capture paths found.

%OL_END_REPORT
%OL_CREATE_REPORT ws.min.rpt

===========================================================================
Worst Slack (Hold)
============================================================================
Writing metric timing__hold__ws__corner:nom_tt_025C_1v80: 2.2628015657253715
nom_tt_025C_1v80: 2.2628015657253715
%OL_END_REPORT
%OL_CREATE_REPORT ws.max.rpt

===========================================================================
Worst Slack (Setup)
============================================================================
Writing metric timing__setup__ws__corner:nom_tt_025C_1v80: 1.3656911543755168
nom_tt_025C_1v80: 1.3656911543755168
%OL_END_REPORT
%OL_CREATE_REPORT tns.min.rpt

===========================================================================
Total Negative Slack (Hold)
============================================================================
Writing metric timing__hold__tns__corner:nom_tt_025C_1v80: 0.0
nom_tt_025C_1v80: 0.0
%OL_END_REPORT
%OL_CREATE_REPORT tns.max.rpt

===========================================================================
Total Negative Slack (Setup)
============================================================================
Writing metric timing__setup__tns__corner:nom_tt_025C_1v80: 0.0
nom_tt_025C_1v80: 0.0
%OL_END_REPORT
%OL_CREATE_REPORT wns.min.rpt

===========================================================================
Worst Negative Slack (Hold)
============================================================================
Writing metric timing__hold__wns__corner:nom_tt_025C_1v80: 0
nom_tt_025C_1v80: 0
%OL_END_REPORT
%OL_CREATE_REPORT wns.max.rpt

===========================================================================
Worst Negative Slack (Setup)
============================================================================
Writing metric timing__setup__wns__corner:nom_tt_025C_1v80: 0.0
nom_tt_025C_1v80: 0.0
%OL_END_REPORT
%OL_CREATE_REPORT violator_list.rpt

===========================================================================
Violator List
============================================================================
Writing metric timing__hold_vio__count__corner:nom_tt_025C_1v80: 0
Writing metric timing__hold_r2r__ws__corner:nom_tt_025C_1v80: 1e30
Writing metric timing__hold_r2r_vio__count__corner:nom_tt_025C_1v80: 0
Writing metric timing__setup_vio__count__corner:nom_tt_025C_1v80: 0
Writing metric timing__setup_r2r__ws__corner:nom_tt_025C_1v80: 1e30
Writing metric timing__setup_r2r_vio__count__corner:nom_tt_025C_1v80: 0
%OL_END_REPORT
%OL_CREATE_REPORT unpropagated.rpt
clk
%OL_END_REPORT
%OL_CREATE_REPORT clock.rpt
Clock: clk
Sources: 
Generated: no
Virtual: yes
Propagated: no
Period: 5.000000

===========================================================================
report_clock_properties
============================================================================
Clock                   Period          Waveform
----------------------------------------------------
clk                   5.000000    0.000000  2.500000

===========================================================================
report_clock_latency
============================================================================
Clock clk
rise -> rise
    min     max
0.000000 0.000000 source latency
1.325524         network latency _161_/CLK
        1.658012 network latency _174_/GATE
---------------
1.325524 1.658012 latency
        0.332488 skew

rise -> fall
    min     max
0.000000 0.000000 source latency
1.269809         network latency _168_/CLK
        1.605987 network latency _160_/CLK
---------------
1.269809 1.605987 latency
        0.336178 skew



===========================================================================
report_clock_min_period
============================================================================
clk period_min = 0.00 fmax = inf
%OL_END_REPORT
