Clock: clk
Sources: 
Generated: no
Virtual: yes
Propagated: no
Period: 5.000000

===========================================================================
report_clock_properties
============================================================================
Clock                   Period          Waveform
----------------------------------------------------
clk                   5.000000    0.000000  2.500000

===========================================================================
report_clock_latency
============================================================================
Clock clk
rise -> rise
    min     max
0.000000 0.000000 source latency
1.123240         network latency _161_/CLK
        1.479943 network latency _174_/GATE
---------------
1.123240 1.479943 latency
        0.356703 skew

rise -> fall
    min     max
0.000000 0.000000 source latency
1.069746         network latency _168_/CLK
        1.430932 network latency _160_/CLK
---------------
1.069746 1.430932 latency
        0.361186 skew



===========================================================================
report_clock_min_period
============================================================================
clk period_min = 0.00 fmax = inf
